<?xml version="1.0" encoding="UTF-8"?>
<coverage generated="1671012049033" clover="3.2.0">
  <project timestamp="1671012049033" name="All files">
    <metrics statements="445" coveredstatements="437" conditionals="156" coveredconditionals="150" methods="133" coveredmethods="127" elements="734" coveredelements="714" complexity="0" loc="445" ncloc="445" packages="1" files="2" classes="2"/>
    <file name="connector.js" path="/Users/mihail.hristov/Apps/demo-scv-connector/demo-scv-connector/src/main/connector.js">
      <metrics statements="37" coveredstatements="37" conditionals="2" coveredconditionals="2" methods="31" coveredmethods="31"/>
      <line num="25" count="7" type="stmt"/>
      <line num="26" count="7" type="stmt"/>
      <line num="33" count="3" type="stmt"/>
      <line num="40" count="2" type="stmt"/>
      <line num="47" count="4" type="stmt"/>
      <line num="55" count="2" type="cond" truecount="2" falsecount="0"/>
      <line num="64" count="7" type="stmt"/>
      <line num="70" count="1" type="stmt"/>
      <line num="76" count="1" type="stmt"/>
      <line num="83" count="1" type="stmt"/>
      <line num="91" count="1" type="stmt"/>
      <line num="98" count="1" type="stmt"/>
      <line num="105" count="1" type="stmt"/>
      <line num="113" count="1" type="stmt"/>
      <line num="120" count="1" type="stmt"/>
      <line num="129" count="2" type="stmt"/>
      <line num="136" count="2" type="stmt"/>
      <line num="144" count="1" type="stmt"/>
      <line num="151" count="11" type="stmt"/>
      <line num="159" count="9" type="stmt"/>
      <line num="165" count="1" type="stmt"/>
      <line num="173" count="1" type="stmt"/>
      <line num="174" count="1" type="stmt"/>
      <line num="180" count="1" type="stmt"/>
      <line num="187" count="2" type="stmt"/>
      <line num="194" count="1" type="stmt"/>
      <line num="201" count="1" type="stmt"/>
      <line num="208" count="2" type="stmt"/>
      <line num="216" count="1" type="stmt"/>
      <line num="218" count="1" type="stmt"/>
      <line num="229" count="2" type="stmt"/>
      <line num="233" count="7" type="stmt"/>
      <line num="234" count="7" type="stmt"/>
      <line num="238" count="1" type="stmt"/>
      <line num="239" count="1" type="stmt"/>
      <line num="243" count="1" type="stmt"/>
      <line num="244" count="1" type="stmt"/>
    </file>
    <file name="vendor-sdk.js" path="/Users/mihail.hristov/Apps/demo-scv-connector/demo-scv-connector/src/main/vendor-sdk.js">
      <metrics statements="408" coveredstatements="400" conditionals="154" coveredconditionals="148" methods="102" coveredmethods="96"/>
      <line num="35" count="66" type="stmt"/>
      <line num="36" count="66" type="stmt"/>
      <line num="37" count="66" type="stmt"/>
      <line num="38" count="66" type="cond" truecount="2" falsecount="0"/>
      <line num="39" count="66" type="cond" truecount="2" falsecount="0"/>
      <line num="40" count="66" type="cond" truecount="2" falsecount="0"/>
      <line num="41" count="58" type="stmt"/>
      <line num="43" count="66" type="cond" truecount="2" falsecount="0"/>
      <line num="50" count="8" type="stmt"/>
      <line num="100" count="7" type="stmt"/>
      <line num="109" count="81" type="cond" truecount="4" falsecount="0"/>
      <line num="110" count="3" type="stmt"/>
      <line num="112" count="78" type="cond" truecount="4" falsecount="0"/>
      <line num="113" count="98" type="stmt"/>
      <line num="114" count="73" type="cond" truecount="2" falsecount="0"/>
      <line num="115" count="5" type="stmt"/>
      <line num="117" count="68" type="stmt"/>
      <line num="119" count="5" type="cond" truecount="2" falsecount="0"/>
      <line num="120" count="4" type="stmt"/>
      <line num="121" count="4" type="cond" truecount="2" falsecount="0"/>
      <line num="122" count="1" type="stmt"/>
      <line num="124" count="3" type="stmt"/>
      <line num="126" count="1" type="stmt"/>
      <line num="132" count="108" type="stmt"/>
      <line num="133" count="108" type="stmt"/>
      <line num="141" count="2" type="stmt"/>
      <line num="142" count="2" type="stmt"/>
      <line num="143" count="2" type="stmt"/>
      <line num="149" count="4" type="stmt"/>
      <line num="150" count="4" type="stmt"/>
      <line num="151" count="4" type="stmt"/>
      <line num="158" count="8" type="stmt"/>
      <line num="159" count="8" type="stmt"/>
      <line num="161" count="0" type="stmt"/>
      <line num="163" count="8" type="stmt"/>
      <line num="164" count="8" type="stmt"/>
      <line num="171" count="2" type="stmt"/>
      <line num="172" count="2" type="stmt"/>
      <line num="176" count="2" type="stmt"/>
      <line num="177" count="2" type="stmt"/>
      <line num="178" count="2" type="stmt"/>
      <line num="187" count="1" type="stmt"/>
      <line num="188" count="1" type="stmt"/>
      <line num="192" count="1" type="stmt"/>
      <line num="193" count="1" type="stmt"/>
      <line num="200" count="1" type="stmt"/>
      <line num="201" count="1" type="stmt"/>
      <line num="202" count="1" type="stmt"/>
      <line num="203" count="1" type="stmt"/>
      <line num="204" count="1" type="stmt"/>
      <line num="205" count="1" type="stmt"/>
      <line num="206" count="1" type="stmt"/>
      <line num="207" count="1" type="stmt"/>
      <line num="208" count="1" type="stmt"/>
      <line num="209" count="1" type="stmt"/>
      <line num="210" count="1" type="stmt"/>
      <line num="211" count="1" type="stmt"/>
      <line num="212" count="1" type="stmt"/>
      <line num="213" count="1" type="stmt"/>
      <line num="214" count="1" type="stmt"/>
      <line num="215" count="1" type="stmt"/>
      <line num="222" count="0" type="stmt"/>
      <line num="223" count="0" type="stmt"/>
      <line num="230" count="7" type="stmt"/>
      <line num="231" count="7" type="stmt"/>
      <line num="238" count="2" type="stmt"/>
      <line num="239" count="2" type="stmt"/>
      <line num="248" count="183" type="cond" truecount="2" falsecount="0"/>
      <line num="249" count="2" type="cond" truecount="2" falsecount="0"/>
      <line num="250" count="2" type="stmt"/>
      <line num="251" count="2" type="stmt"/>
      <line num="253" count="181" type="stmt"/>
      <line num="260" count="11" type="cond" truecount="2" falsecount="0"/>
      <line num="261" count="1" type="stmt"/>
      <line num="263" count="10" type="stmt"/>
      <line num="264" count="10" type="cond" truecount="2" falsecount="0"/>
      <line num="265" count="26" type="cond" truecount="2" falsecount="0"/>
      <line num="267" count="10" type="cond" truecount="2" falsecount="0"/>
      <line num="268" count="6" type="cond" truecount="2" falsecount="0"/>
      <line num="269" count="6" type="cond" truecount="2" falsecount="0"/>
      <line num="270" count="12" type="stmt"/>
      <line num="272" count="10" type="cond" truecount="2" falsecount="0"/>
      <line num="273" count="10" type="cond" truecount="2" falsecount="0"/>
      <line num="274" count="10" type="stmt"/>
      <line num="281" count="20" type="stmt"/>
      <line num="282" count="20" type="cond" truecount="4" falsecount="0"/>
      <line num="283" count="4" type="stmt"/>
      <line num="284" count="4" type="stmt"/>
      <line num="285" count="4" type="stmt"/>
      <line num="289" count="4" type="stmt"/>
      <line num="290" count="4" type="stmt"/>
      <line num="291" count="1" type="stmt"/>
      <line num="296" count="16" type="stmt"/>
      <line num="298" count="20" type="stmt"/>
      <line num="299" count="21" type="stmt"/>
      <line num="300" count="21" type="stmt"/>
      <line num="301" count="21" type="stmt"/>
      <line num="302" count="21" type="stmt"/>
      <line num="303" count="21" type="stmt"/>
      <line num="305" count="20" type="stmt"/>
      <line num="306" count="20" type="stmt"/>
      <line num="313" count="8" type="stmt"/>
      <line num="321" count="3" type="stmt"/>
      <line num="322" count="3" type="stmt"/>
      <line num="323" count="3" type="stmt"/>
      <line num="324" count="3" type="stmt"/>
      <line num="326" count="3" type="stmt"/>
      <line num="327" count="0" type="stmt"/>
      <line num="330" count="3" type="stmt"/>
      <line num="331" count="0" type="stmt"/>
      <line num="334" count="3" type="stmt"/>
      <line num="335" count="0" type="stmt"/>
      <line num="338" count="3" type="stmt"/>
      <line num="344" count="3" type="stmt"/>
      <line num="350" count="3" type="stmt"/>
      <line num="352" count="3" type="cond" truecount="2" falsecount="0"/>
      <line num="353" count="2" type="stmt"/>
      <line num="354" count="2" type="stmt"/>
      <line num="355" count="2" type="cond" truecount="2" falsecount="0"/>
      <line num="359" count="1" type="stmt"/>
      <line num="368" count="4" type="cond" truecount="4" falsecount="0"/>
      <line num="370" count="1" type="stmt"/>
      <line num="371" count="1" type="stmt"/>
      <line num="373" count="1" type="stmt"/>
      <line num="374" count="1" type="stmt"/>
      <line num="376" count="1" type="stmt"/>
      <line num="377" count="1" type="stmt"/>
      <line num="379" count="1" type="stmt"/>
      <line num="384" count="1" type="stmt"/>
      <line num="391" count="1" type="stmt"/>
      <line num="392" count="1" type="stmt"/>
      <line num="393" count="1" type="stmt"/>
      <line num="400" count="1" type="stmt"/>
      <line num="410" count="1" type="stmt"/>
      <line num="423" count="143" type="stmt"/>
      <line num="424" count="143" type="cond" truecount="2" falsecount="0"/>
      <line num="425" count="3" type="stmt"/>
      <line num="427" count="140" type="cond" truecount="7" falsecount="0"/>
      <line num="430" count="4" type="cond" truecount="2" falsecount="0"/>
      <line num="431" count="2" type="stmt"/>
      <line num="433" count="2" type="stmt"/>
      <line num="435" count="2" type="cond" truecount="2" falsecount="0"/>
      <line num="436" count="1" type="stmt"/>
      <line num="438" count="1" type="stmt"/>
      <line num="440" count="3" type="cond" truecount="2" falsecount="0"/>
      <line num="441" count="1" type="stmt"/>
      <line num="443" count="2" type="stmt"/>
      <line num="446" count="4" type="cond" truecount="2" falsecount="0"/>
      <line num="447" count="2" type="stmt"/>
      <line num="449" count="2" type="stmt"/>
      <line num="451" count="2" type="cond" truecount="4" falsecount="0"/>
      <line num="452" count="1" type="stmt"/>
      <line num="454" count="1" type="stmt"/>
      <line num="457" count="133" type="cond" truecount="2" falsecount="0"/>
      <line num="458" count="132" type="stmt"/>
      <line num="461" count="1" type="stmt"/>
      <line num="462" count="1" type="stmt"/>
      <line num="467" count="2" type="stmt"/>
      <line num="468" count="2" type="stmt"/>
      <line num="478" count="7" type="cond" truecount="2" falsecount="0"/>
      <line num="479" count="1" type="stmt"/>
      <line num="481" count="6" type="cond" truecount="2" falsecount="0"/>
      <line num="482" count="6" type="stmt"/>
      <line num="483" count="6" type="stmt"/>
      <line num="484" count="6" type="stmt"/>
      <line num="485" count="6" type="stmt"/>
      <line num="486" count="6" type="stmt"/>
      <line num="489" count="6" type="cond" truecount="4" falsecount="0"/>
      <line num="490" count="1" type="stmt"/>
      <line num="492" count="6" type="stmt"/>
      <line num="493" count="6" type="stmt"/>
      <line num="501" count="54" type="cond" truecount="2" falsecount="0"/>
      <line num="502" count="54" type="stmt"/>
      <line num="503" count="54" type="cond" truecount="2" falsecount="0"/>
      <line num="504" count="1" type="stmt"/>
      <line num="505" count="1" type="stmt"/>
      <line num="506" count="1" type="stmt"/>
      <line num="508" count="53" type="stmt"/>
      <line num="509" count="53" type="stmt"/>
      <line num="510" count="53" type="stmt"/>
      <line num="511" count="52" type="stmt"/>
      <line num="512" count="52" type="stmt"/>
      <line num="513" count="52" type="stmt"/>
      <line num="514" count="52" type="stmt"/>
      <line num="517" count="52" type="stmt"/>
      <line num="518" count="52" type="stmt"/>
      <line num="523" count="7" type="stmt"/>
      <line num="524" count="7" type="stmt"/>
      <line num="525" count="140" type="stmt"/>
      <line num="532" count="7" type="stmt"/>
      <line num="533" count="140" type="stmt"/>
      <line num="540" count="7" type="stmt"/>
      <line num="541" count="140" type="stmt"/>
      <line num="548" count="7" type="stmt"/>
      <line num="549" count="140" type="stmt"/>
      <line num="556" count="7" type="stmt"/>
      <line num="557" count="140" type="stmt"/>
      <line num="564" count="7" type="stmt"/>
      <line num="568" count="9" type="cond" truecount="2" falsecount="0"/>
      <line num="569" count="9" type="stmt"/>
      <line num="570" count="1" type="stmt"/>
      <line num="571" count="1" type="stmt"/>
      <line num="572" count="1" type="stmt"/>
      <line num="573" count="1" type="stmt"/>
      <line num="574" count="1" type="stmt"/>
      <line num="576" count="9" type="stmt"/>
      <line num="580" count="94" type="cond" truecount="2" falsecount="0"/>
      <line num="581" count="87" type="cond" truecount="2" falsecount="0"/>
      <line num="583" count="7" type="stmt"/>
      <line num="590" count="1" type="stmt"/>
      <line num="600" count="1" type="stmt"/>
      <line num="623" count="2" type="stmt"/>
      <line num="624" count="2" type="stmt"/>
      <line num="625" count="2" type="stmt"/>
      <line num="633" count="4" type="stmt"/>
      <line num="634" count="4" type="cond" truecount="2" falsecount="0"/>
      <line num="635" count="3" type="stmt"/>
      <line num="636" count="2" type="cond" truecount="4" falsecount="0"/>
      <line num="639" count="2" type="stmt"/>
      <line num="640" count="2" type="stmt"/>
      <line num="641" count="2" type="stmt"/>
      <line num="642" count="2" type="stmt"/>
      <line num="643" count="2" type="stmt"/>
      <line num="644" count="2" type="stmt"/>
      <line num="645" count="2" type="stmt"/>
      <line num="647" count="3" type="stmt"/>
      <line num="655" count="2" type="stmt"/>
      <line num="656" count="2" type="stmt"/>
      <line num="657" count="2" type="stmt"/>
      <line num="658" count="2" type="stmt"/>
      <line num="666" count="8" type="stmt"/>
      <line num="667" count="8" type="stmt"/>
      <line num="668" count="8" type="cond" truecount="2" falsecount="0"/>
      <line num="669" count="7" type="stmt"/>
      <line num="670" count="7" type="stmt"/>
      <line num="671" count="7" type="stmt"/>
      <line num="673" count="8" type="stmt"/>
      <line num="679" count="2" type="stmt"/>
      <line num="680" count="2" type="stmt"/>
      <line num="681" count="2" type="stmt"/>
      <line num="687" count="2" type="stmt"/>
      <line num="688" count="2" type="stmt"/>
      <line num="689" count="2" type="stmt"/>
      <line num="696" count="1" type="stmt"/>
      <line num="697" count="1" type="stmt"/>
      <line num="709" count="1" type="stmt"/>
      <line num="710" count="1" type="stmt"/>
      <line num="721" count="2" type="stmt"/>
      <line num="722" count="2" type="stmt"/>
      <line num="723" count="2" type="stmt"/>
      <line num="730" count="2" type="stmt"/>
      <line num="731" count="2" type="stmt"/>
      <line num="732" count="2" type="stmt"/>
      <line num="739" count="7" type="cond" truecount="2" falsecount="0"/>
      <line num="740" count="1" type="stmt"/>
      <line num="742" count="6" type="stmt"/>
      <line num="750" count="6" type="stmt"/>
      <line num="751" count="6" type="stmt"/>
      <line num="759" count="1" type="cond" truecount="1" falsecount="1"/>
      <line num="760" count="1" type="stmt"/>
      <line num="762" count="1" type="stmt"/>
      <line num="770" count="2" type="stmt"/>
      <line num="771" count="2" type="stmt"/>
      <line num="772" count="2" type="stmt"/>
      <line num="773" count="2" type="stmt"/>
      <line num="774" count="2" type="stmt"/>
      <line num="775" count="2" type="stmt"/>
      <line num="784" count="9" type="stmt"/>
      <line num="785" count="9" type="stmt"/>
      <line num="787" count="3" type="stmt"/>
      <line num="795" count="8" type="stmt"/>
      <line num="796" count="8" type="stmt"/>
      <line num="797" count="8" type="stmt"/>
      <line num="798" count="8" type="stmt"/>
      <line num="806" count="2" type="stmt"/>
      <line num="807" count="2" type="stmt"/>
      <line num="808" count="2" type="stmt"/>
      <line num="809" count="2" type="stmt"/>
      <line num="810" count="2" type="stmt"/>
      <line num="821" count="2" type="stmt"/>
      <line num="822" count="2" type="stmt"/>
      <line num="825" count="2" type="stmt"/>
      <line num="837" count="2" type="stmt"/>
      <line num="838" count="2" type="stmt"/>
      <line num="839" count="2" type="stmt"/>
      <line num="848" count="1" type="stmt"/>
      <line num="855" count="11" type="stmt"/>
      <line num="856" count="11" type="stmt"/>
      <line num="857" count="10" type="cond" truecount="1" falsecount="1"/>
      <line num="858" count="10" type="stmt"/>
      <line num="866" count="11" type="stmt"/>
      <line num="867" count="11" type="stmt"/>
      <line num="878" count="10" type="cond" truecount="4" falsecount="0"/>
      <line num="879" count="1" type="stmt"/>
      <line num="880" count="1" type="stmt"/>
      <line num="881" count="1" type="stmt"/>
      <line num="883" count="9" type="stmt"/>
      <line num="885" count="9" type="cond" truecount="4" falsecount="0"/>
      <line num="886" count="1" type="stmt"/>
      <line num="887" count="8" type="cond" truecount="1" falsecount="1"/>
      <line num="888" count="8" type="stmt"/>
      <line num="891" count="9" type="stmt"/>
      <line num="892" count="9" type="stmt"/>
      <line num="893" count="9" type="cond" truecount="2" falsecount="0"/>
      <line num="894" count="1" type="stmt"/>
      <line num="895" count="1" type="cond" truecount="1" falsecount="1"/>
      <line num="897" count="9" type="cond" truecount="2" falsecount="0"/>
      <line num="898" count="4" type="stmt"/>
      <line num="901" count="9" type="cond" truecount="2" falsecount="0"/>
      <line num="902" count="1" type="stmt"/>
      <line num="903" count="1" type="stmt"/>
      <line num="904" count="1" type="stmt"/>
      <line num="905" count="1" type="stmt"/>
      <line num="913" count="8" type="stmt"/>
      <line num="914" count="8" type="stmt"/>
      <line num="915" count="8" type="stmt"/>
      <line num="916" count="8" type="stmt"/>
      <line num="917" count="8" type="stmt"/>
      <line num="918" count="8" type="stmt"/>
      <line num="919" count="8" type="stmt"/>
      <line num="920" count="8" type="stmt"/>
      <line num="921" count="8" type="stmt"/>
      <line num="922" count="8" type="stmt"/>
      <line num="923" count="8" type="stmt"/>
      <line num="924" count="8" type="stmt"/>
      <line num="933" count="1" type="stmt"/>
      <line num="939" count="1" type="stmt"/>
      <line num="940" count="1" type="stmt"/>
      <line num="942" count="0" type="stmt"/>
      <line num="950" count="62" type="cond" truecount="2" falsecount="0"/>
      <line num="951" count="62" type="stmt"/>
      <line num="955" count="61" type="stmt"/>
      <line num="957" count="61" type="cond" truecount="2" falsecount="0"/>
      <line num="958" count="1" type="stmt"/>
      <line num="960" count="61" type="stmt"/>
      <line num="962" count="1" type="stmt"/>
      <line num="969" count="1" type="stmt"/>
      <line num="970" count="1" type="stmt"/>
      <line num="971" count="1" type="stmt"/>
      <line num="972" count="1" type="stmt"/>
      <line num="973" count="1" type="stmt"/>
      <line num="984" count="1" type="stmt"/>
      <line num="985" count="1" type="stmt"/>
      <line num="986" count="1" type="stmt"/>
      <line num="987" count="1" type="stmt"/>
      <line num="988" count="1" type="stmt"/>
      <line num="996" count="4" type="stmt"/>
      <line num="997" count="4" type="stmt"/>
      <line num="998" count="4" type="stmt"/>
      <line num="999" count="4" type="stmt"/>
      <line num="1000" count="4" type="stmt"/>
      <line num="1001" count="4" type="stmt"/>
      <line num="1002" count="4" type="stmt"/>
      <line num="1003" count="4" type="stmt"/>
      <line num="1007" count="1" type="stmt"/>
      <line num="1008" count="1" type="stmt"/>
      <line num="1009" count="1" type="stmt"/>
      <line num="1010" count="1" type="stmt"/>
      <line num="1011" count="1" type="stmt"/>
      <line num="1012" count="1" type="stmt"/>
      <line num="1019" count="1" type="stmt"/>
      <line num="1020" count="1" type="stmt"/>
      <line num="1021" count="1" type="stmt"/>
      <line num="1022" count="1" type="stmt"/>
      <line num="1023" count="1" type="stmt"/>
      <line num="1024" count="1" type="stmt"/>
      <line num="1025" count="1" type="stmt"/>
      <line num="1026" count="1" type="stmt"/>
      <line num="1032" count="4" type="stmt"/>
      <line num="1033" count="4" type="stmt"/>
      <line num="1034" count="5" type="stmt"/>
      <line num="1035" count="5" type="stmt"/>
      <line num="1036" count="5" type="stmt"/>
      <line num="1038" count="4" type="stmt"/>
      <line num="1039" count="4" type="stmt"/>
      <line num="1040" count="4" type="stmt"/>
      <line num="1041" count="4" type="stmt"/>
      <line num="1052" count="13" type="stmt"/>
      <line num="1053" count="4" type="cond" truecount="2" falsecount="0"/>
      <line num="1054" count="3" type="stmt"/>
      <line num="1064" count="1" type="stmt"/>
      <line num="1072" count="1" type="stmt"/>
      <line num="1073" count="1" type="stmt"/>
      <line num="1080" count="1" type="stmt"/>
      <line num="1084" count="2" type="stmt"/>
      <line num="1096" count="3" type="stmt"/>
      <line num="1097" count="3" type="stmt"/>
      <line num="1098" count="3" type="stmt"/>
      <line num="1104" count="3" type="stmt"/>
      <line num="1105" count="3" type="stmt"/>
      <line num="1112" count="1" type="stmt"/>
      <line num="1113" count="1" type="stmt"/>
      <line num="1114" count="1" type="stmt"/>
      <line num="1120" count="1" type="stmt"/>
      <line num="1121" count="1" type="stmt"/>
      <line num="1128" count="3" type="stmt"/>
      <line num="1129" count="3" type="stmt"/>
      <line num="1130" count="3" type="stmt"/>
      <line num="1133" count="3" type="cond" truecount="2" falsecount="0"/>
      <line num="1134" count="2" type="stmt"/>
      <line num="1136" count="3" type="cond" truecount="2" falsecount="0"/>
      <line num="1137" count="2" type="stmt"/>
      <line num="1139" count="3" type="stmt"/>
      <line num="1141" count="3" type="stmt"/>
      <line num="1142" count="3" type="stmt"/>
      <line num="1150" count="0" type="stmt"/>
      <line num="1154" count="1" type="stmt"/>
      <line num="1158" count="1" type="stmt"/>
    </file>
  </project>
</coverage>
