{"/Users/mihail.hristov/Apps/demo-scv-connector/demo-scv-connector/src/main/connector.js": {"path":"/Users/mihail.hristov/Apps/demo-scv-connector/demo-scv-connector/src/main/connector.js","statementMap":{"0":{"start":{"line":25,"column":8},"end":{"line":25,"column":16}},"1":{"start":{"line":26,"column":8},"end":{"line":26,"column":34}},"2":{"start":{"line":33,"column":8},"end":{"line":33,"column":47}},"3":{"start":{"line":40,"column":8},"end":{"line":40,"column":41}},"4":{"start":{"line":47,"column":8},"end":{"line":47,"column":41}},"5":{"start":{"line":55,"column":8},"end":{"line":55,"column":133}},"6":{"start":{"line":64,"column":8},"end":{"line":64,"column":51}},"7":{"start":{"line":70,"column":8},"end":{"line":70,"column":31}},"8":{"start":{"line":76,"column":8},"end":{"line":76,"column":32}},"9":{"start":{"line":83,"column":8},"end":{"line":83,"column":34}},"10":{"start":{"line":91,"column":8},"end":{"line":91,"column":37}},"11":{"start":{"line":98,"column":8},"end":{"line":98,"column":45}},"12":{"start":{"line":105,"column":8},"end":{"line":105,"column":46}},"13":{"start":{"line":113,"column":8},"end":{"line":113,"column":48}},"14":{"start":{"line":120,"column":8},"end":{"line":120,"column":42}},"15":{"start":{"line":129,"column":8},"end":{"line":129,"column":86}},"16":{"start":{"line":136,"column":8},"end":{"line":136,"column":38}},"17":{"start":{"line":144,"column":8},"end":{"line":144,"column":43}},"18":{"start":{"line":151,"column":8},"end":{"line":151,"column":49}},"19":{"start":{"line":159,"column":8},"end":{"line":159,"column":71}},"20":{"start":{"line":165,"column":8},"end":{"line":165,"column":37}},"21":{"start":{"line":173,"column":40},"end":{"line":173,"column":74}},"22":{"start":{"line":174,"column":8},"end":{"line":174,"column":72}},"23":{"start":{"line":180,"column":8},"end":{"line":180,"column":41}},"24":{"start":{"line":187,"column":8},"end":{"line":187,"column":47}},"25":{"start":{"line":194,"column":8},"end":{"line":194,"column":42}},"26":{"start":{"line":201,"column":8},"end":{"line":201,"column":54}},"27":{"start":{"line":208,"column":8},"end":{"line":208,"column":29}},"28":{"start":{"line":216,"column":8},"end":{"line":216,"column":40}},"29":{"start":{"line":218,"column":8},"end":{"line":218,"column":74}},"30":{"start":{"line":229,"column":8},"end":{"line":229,"column":83}},"31":{"start":{"line":233,"column":8},"end":{"line":233,"column":49}},"32":{"start":{"line":234,"column":8},"end":{"line":234,"column":50}},"33":{"start":{"line":238,"column":8},"end":{"line":238,"column":56}},"34":{"start":{"line":239,"column":8},"end":{"line":239,"column":57}},"35":{"start":{"line":243,"column":8},"end":{"line":243,"column":53}},"36":{"start":{"line":244,"column":8},"end":{"line":244,"column":54}}},"fnMap":{"0":{"name":"(anonymous_0)","decl":{"start":{"line":24,"column":4},"end":{"line":24,"column":5}},"loc":{"start":{"line":24,"column":23},"end":{"line":27,"column":5}},"line":24},"1":{"name":"(anonymous_1)","decl":{"start":{"line":32,"column":4},"end":{"line":32,"column":5}},"loc":{"start":{"line":32,"column":27},"end":{"line":34,"column":5}},"line":32},"2":{"name":"(anonymous_2)","decl":{"start":{"line":39,"column":4},"end":{"line":39,"column":5}},"loc":{"start":{"line":39,"column":21},"end":{"line":41,"column":5}},"line":39},"3":{"name":"(anonymous_3)","decl":{"start":{"line":46,"column":4},"end":{"line":46,"column":5}},"loc":{"start":{"line":46,"column":21},"end":{"line":48,"column":5}},"line":46},"4":{"name":"(anonymous_4)","decl":{"start":{"line":53,"column":4},"end":{"line":53,"column":5}},"loc":{"start":{"line":53,"column":22},"end":{"line":56,"column":5}},"line":53},"5":{"name":"(anonymous_5)","decl":{"start":{"line":63,"column":4},"end":{"line":63,"column":5}},"loc":{"start":{"line":63,"column":31},"end":{"line":65,"column":5}},"line":63},"6":{"name":"(anonymous_6)","decl":{"start":{"line":69,"column":4},"end":{"line":69,"column":5}},"loc":{"start":{"line":69,"column":11},"end":{"line":71,"column":5}},"line":69},"7":{"name":"(anonymous_7)","decl":{"start":{"line":75,"column":4},"end":{"line":75,"column":5}},"loc":{"start":{"line":75,"column":13},"end":{"line":77,"column":5}},"line":75},"8":{"name":"(anonymous_8)","decl":{"start":{"line":82,"column":4},"end":{"line":82,"column":5}},"loc":{"start":{"line":82,"column":15},"end":{"line":84,"column":5}},"line":82},"9":{"name":"(anonymous_9)","decl":{"start":{"line":90,"column":4},"end":{"line":90,"column":5}},"loc":{"start":{"line":90,"column":17},"end":{"line":92,"column":5}},"line":90},"10":{"name":"(anonymous_10)","decl":{"start":{"line":97,"column":4},"end":{"line":97,"column":5}},"loc":{"start":{"line":97,"column":25},"end":{"line":99,"column":5}},"line":97},"11":{"name":"(anonymous_11)","decl":{"start":{"line":104,"column":4},"end":{"line":104,"column":5}},"loc":{"start":{"line":104,"column":26},"end":{"line":106,"column":5}},"line":104},"12":{"name":"(anonymous_12)","decl":{"start":{"line":112,"column":4},"end":{"line":112,"column":5}},"loc":{"start":{"line":112,"column":23},"end":{"line":114,"column":5}},"line":112},"13":{"name":"(anonymous_13)","decl":{"start":{"line":119,"column":4},"end":{"line":119,"column":5}},"loc":{"start":{"line":119,"column":22},"end":{"line":121,"column":5}},"line":119},"14":{"name":"(anonymous_14)","decl":{"start":{"line":128,"column":4},"end":{"line":128,"column":5}},"loc":{"start":{"line":128,"column":67},"end":{"line":130,"column":5}},"line":128},"15":{"name":"(anonymous_15)","decl":{"start":{"line":135,"column":4},"end":{"line":135,"column":5}},"loc":{"start":{"line":135,"column":18},"end":{"line":137,"column":5}},"line":135},"16":{"name":"(anonymous_16)","decl":{"start":{"line":143,"column":4},"end":{"line":143,"column":5}},"loc":{"start":{"line":143,"column":23},"end":{"line":145,"column":5}},"line":143},"17":{"name":"(anonymous_17)","decl":{"start":{"line":150,"column":4},"end":{"line":150,"column":5}},"loc":{"start":{"line":150,"column":29},"end":{"line":152,"column":5}},"line":150},"18":{"name":"(anonymous_18)","decl":{"start":{"line":158,"column":4},"end":{"line":158,"column":5}},"loc":{"start":{"line":158,"column":51},"end":{"line":160,"column":5}},"line":158},"19":{"name":"(anonymous_19)","decl":{"start":{"line":164,"column":4},"end":{"line":164,"column":5}},"loc":{"start":{"line":164,"column":13},"end":{"line":166,"column":5}},"line":164},"20":{"name":"(anonymous_20)","decl":{"start":{"line":172,"column":4},"end":{"line":172,"column":5}},"loc":{"start":{"line":172,"column":46},"end":{"line":175,"column":5}},"line":172},"21":{"name":"(anonymous_21)","decl":{"start":{"line":179,"column":4},"end":{"line":179,"column":5}},"loc":{"start":{"line":179,"column":21},"end":{"line":181,"column":5}},"line":179},"22":{"name":"(anonymous_22)","decl":{"start":{"line":186,"column":4},"end":{"line":186,"column":5}},"loc":{"start":{"line":186,"column":27},"end":{"line":188,"column":5}},"line":186},"23":{"name":"(anonymous_23)","decl":{"start":{"line":193,"column":4},"end":{"line":193,"column":5}},"loc":{"start":{"line":193,"column":22},"end":{"line":195,"column":5}},"line":193},"24":{"name":"(anonymous_24)","decl":{"start":{"line":200,"column":4},"end":{"line":200,"column":5}},"loc":{"start":{"line":200,"column":34},"end":{"line":202,"column":5}},"line":200},"25":{"name":"(anonymous_25)","decl":{"start":{"line":207,"column":4},"end":{"line":207,"column":5}},"loc":{"start":{"line":207,"column":17},"end":{"line":209,"column":5}},"line":207},"26":{"name":"(anonymous_26)","decl":{"start":{"line":215,"column":4},"end":{"line":215,"column":5}},"loc":{"start":{"line":215,"column":27},"end":{"line":219,"column":5}},"line":215},"27":{"name":"(anonymous_27)","decl":{"start":{"line":228,"column":4},"end":{"line":228,"column":5}},"loc":{"start":{"line":228,"column":63},"end":{"line":230,"column":5}},"line":228},"28":{"name":"(anonymous_28)","decl":{"start":{"line":232,"column":4},"end":{"line":232,"column":5}},"loc":{"start":{"line":232,"column":29},"end":{"line":235,"column":5}},"line":232},"29":{"name":"(anonymous_29)","decl":{"start":{"line":237,"column":4},"end":{"line":237,"column":5}},"loc":{"start":{"line":237,"column":36},"end":{"line":240,"column":5}},"line":237},"30":{"name":"(anonymous_30)","decl":{"start":{"line":242,"column":4},"end":{"line":242,"column":5}},"loc":{"start":{"line":242,"column":33},"end":{"line":245,"column":5}},"line":242}},"branchMap":{"0":{"loc":{"start":{"line":55,"column":36},"end":{"line":55,"column":131}},"type":"cond-expr","locations":[{"start":{"line":55,"column":43},"end":{"line":55,"column":47}},{"start":{"line":55,"column":50},"end":{"line":55,"column":131}}],"line":55}},"s":{"0":7,"1":7,"2":3,"3":2,"4":4,"5":2,"6":7,"7":1,"8":1,"9":1,"10":1,"11":1,"12":1,"13":1,"14":1,"15":2,"16":2,"17":1,"18":11,"19":9,"20":1,"21":1,"22":1,"23":1,"24":2,"25":1,"26":1,"27":2,"28":1,"29":1,"30":2,"31":7,"32":7,"33":1,"34":1,"35":1,"36":1},"f":{"0":7,"1":3,"2":2,"3":4,"4":2,"5":7,"6":1,"7":1,"8":1,"9":1,"10":1,"11":1,"12":1,"13":1,"14":2,"15":2,"16":1,"17":11,"18":9,"19":1,"20":1,"21":1,"22":2,"23":1,"24":1,"25":2,"26":1,"27":2,"28":7,"29":1,"30":1},"b":{"0":[1,1]},"_coverageSchema":"1a1c01bbd47fc00a2c39e90264f33305004495a9","hash":"aaa82fa97268df3ed1902610563ed8b12b812c4e"}
,"/Users/mihail.hristov/Apps/demo-scv-connector/demo-scv-connector/src/main/vendor-sdk.js": {"path":"/Users/mihail.hristov/Apps/demo-scv-connector/demo-scv-connector/src/main/vendor-sdk.js","statementMap":{"0":{"start":{"line":35,"column":22},"end":{"line":35,"column":50}},"1":{"start":{"line":36,"column":8},"end":{"line":36,"column":51}},"2":{"start":{"line":37,"column":8},"end":{"line":37,"column":37}},"3":{"start":{"line":38,"column":8},"end":{"line":38,"column":64}},"4":{"start":{"line":39,"column":8},"end":{"line":39,"column":67}},"5":{"start":{"line":40,"column":8},"end":{"line":42,"column":9}},"6":{"start":{"line":41,"column":12},"end":{"line":41,"column":43}},"7":{"start":{"line":43,"column":8},"end":{"line":43,"column":123}},"8":{"start":{"line":50,"column":8},"end":{"line":50,"column":50}},"9":{"start":{"line":100,"column":8},"end":{"line":103,"column":10}},"10":{"start":{"line":109,"column":8},"end":{"line":111,"column":9}},"11":{"start":{"line":110,"column":12},"end":{"line":110,"column":66}},"12":{"start":{"line":112,"column":8},"end":{"line":118,"column":9}},"13":{"start":{"line":113,"column":38},"end":{"line":113,"column":179}},"14":{"start":{"line":113,"column":92},"end":{"line":113,"column":172}},"15":{"start":{"line":114,"column":12},"end":{"line":116,"column":13}},"16":{"start":{"line":115,"column":16},"end":{"line":115,"column":119}},"17":{"start":{"line":117,"column":12},"end":{"line":117,"column":37}},"18":{"start":{"line":119,"column":8},"end":{"line":125,"column":9}},"19":{"start":{"line":120,"column":33},"end":{"line":120,"column":68}},"20":{"start":{"line":121,"column":12},"end":{"line":123,"column":13}},"21":{"start":{"line":122,"column":16},"end":{"line":122,"column":90}},"22":{"start":{"line":124,"column":12},"end":{"line":124,"column":32}},"23":{"start":{"line":126,"column":8},"end":{"line":126,"column":95}},"24":{"start":{"line":132,"column":8},"end":{"line":132,"column":51}},"25":{"start":{"line":133,"column":8},"end":{"line":133,"column":84}},"26":{"start":{"line":141,"column":23},"end":{"line":141,"column":27}},"27":{"start":{"line":142,"column":29},"end":{"line":142,"column":47}},"28":{"start":{"line":143,"column":8},"end":{"line":143,"column":80}},"29":{"start":{"line":149,"column":23},"end":{"line":149,"column":27}},"30":{"start":{"line":150,"column":25},"end":{"line":150,"column":43}},"31":{"start":{"line":151,"column":8},"end":{"line":151,"column":59}},"32":{"start":{"line":158,"column":8},"end":{"line":162,"column":9}},"33":{"start":{"line":159,"column":12},"end":{"line":159,"column":115}},"34":{"start":{"line":161,"column":12},"end":{"line":161,"column":111}},"35":{"start":{"line":163,"column":8},"end":{"line":163,"column":44}},"36":{"start":{"line":164,"column":8},"end":{"line":164,"column":27}},"37":{"start":{"line":171,"column":8},"end":{"line":171,"column":54}},"38":{"start":{"line":172,"column":8},"end":{"line":172,"column":42}},"39":{"start":{"line":176,"column":8},"end":{"line":176,"column":68}},"40":{"start":{"line":177,"column":8},"end":{"line":177,"column":84}},"41":{"start":{"line":178,"column":8},"end":{"line":180,"column":12}},"42":{"start":{"line":187,"column":7},"end":{"line":187,"column":72}},"43":{"start":{"line":188,"column":7},"end":{"line":188,"column":83}},"44":{"start":{"line":192,"column":8},"end":{"line":192,"column":86}},"45":{"start":{"line":193,"column":8},"end":{"line":193,"column":90}},"46":{"start":{"line":200,"column":4},"end":{"line":200,"column":87}},"47":{"start":{"line":201,"column":4},"end":{"line":201,"column":81}},"48":{"start":{"line":202,"column":4},"end":{"line":202,"column":91}},"49":{"start":{"line":203,"column":4},"end":{"line":203,"column":59}},"50":{"start":{"line":204,"column":4},"end":{"line":204,"column":63}},"51":{"start":{"line":205,"column":4},"end":{"line":205,"column":59}},"52":{"start":{"line":206,"column":4},"end":{"line":206,"column":61}},"53":{"start":{"line":207,"column":4},"end":{"line":207,"column":77}},"54":{"start":{"line":208,"column":4},"end":{"line":208,"column":67}},"55":{"start":{"line":209,"column":4},"end":{"line":209,"column":85}},"56":{"start":{"line":210,"column":4},"end":{"line":210,"column":87}},"57":{"start":{"line":211,"column":4},"end":{"line":211,"column":85}},"58":{"start":{"line":212,"column":4},"end":{"line":212,"column":77}},"59":{"start":{"line":213,"column":4},"end":{"line":213,"column":87}},"60":{"start":{"line":214,"column":4},"end":{"line":214,"column":69}},"61":{"start":{"line":215,"column":4},"end":{"line":215,"column":82}},"62":{"start":{"line":222,"column":7},"end":{"line":222,"column":46}},"63":{"start":{"line":223,"column":7},"end":{"line":223,"column":85}},"64":{"start":{"line":230,"column":8},"end":{"line":230,"column":51}},"65":{"start":{"line":231,"column":8},"end":{"line":231,"column":39}},"66":{"start":{"line":238,"column":8},"end":{"line":238,"column":44}},"67":{"start":{"line":239,"column":8},"end":{"line":241,"column":13}},"68":{"start":{"line":248,"column":8},"end":{"line":252,"column":9}},"69":{"start":{"line":249,"column":28},"end":{"line":249,"column":108}},"70":{"start":{"line":249,"column":45},"end":{"line":249,"column":96}},"71":{"start":{"line":250,"column":12},"end":{"line":250,"column":55}},"72":{"start":{"line":251,"column":12},"end":{"line":251,"column":19}},"73":{"start":{"line":253,"column":8},"end":{"line":253,"column":70}},"74":{"start":{"line":260,"column":8},"end":{"line":262,"column":9}},"75":{"start":{"line":261,"column":12},"end":{"line":261,"column":28}},"76":{"start":{"line":263,"column":21},"end":{"line":263,"column":29}},"77":{"start":{"line":264,"column":8},"end":{"line":266,"column":9}},"78":{"start":{"line":265,"column":12},"end":{"line":265,"column":148}},"79":{"start":{"line":265,"column":42},"end":{"line":265,"column":146}},"80":{"start":{"line":265,"column":71},"end":{"line":265,"column":145}},"81":{"start":{"line":267,"column":8},"end":{"line":271,"column":11}},"82":{"start":{"line":268,"column":26},"end":{"line":268,"column":69}},"83":{"start":{"line":269,"column":24},"end":{"line":269,"column":85}},"84":{"start":{"line":270,"column":12},"end":{"line":270,"column":63}},"85":{"start":{"line":270,"column":43},"end":{"line":270,"column":61}},"86":{"start":{"line":272,"column":27},"end":{"line":272,"column":60}},"87":{"start":{"line":273,"column":25},"end":{"line":273,"column":81}},"88":{"start":{"line":274,"column":8},"end":{"line":274,"column":50}},"89":{"start":{"line":281,"column":29},"end":{"line":281,"column":31}},"90":{"start":{"line":282,"column":8},"end":{"line":297,"column":9}},"91":{"start":{"line":283,"column":12},"end":{"line":288,"column":13}},"92":{"start":{"line":284,"column":37},"end":{"line":284,"column":132}},"93":{"start":{"line":285,"column":16},"end":{"line":285,"column":50}},"94":{"start":{"line":289,"column":12},"end":{"line":294,"column":13}},"95":{"start":{"line":290,"column":39},"end":{"line":290,"column":131}},"96":{"start":{"line":291,"column":16},"end":{"line":291,"column":52}},"97":{"start":{"line":296,"column":12},"end":{"line":296,"column":52}},"98":{"start":{"line":298,"column":8},"end":{"line":304,"column":10}},"99":{"start":{"line":299,"column":26},"end":{"line":299,"column":52}},"100":{"start":{"line":300,"column":12},"end":{"line":300,"column":77}},"101":{"start":{"line":301,"column":12},"end":{"line":301,"column":42}},"102":{"start":{"line":302,"column":12},"end":{"line":302,"column":58}},"103":{"start":{"line":303,"column":12},"end":{"line":303,"column":64}},"104":{"start":{"line":305,"column":8},"end":{"line":305,"column":84}},"105":{"start":{"line":306,"column":8},"end":{"line":306,"column":30}},"106":{"start":{"line":313,"column":8},"end":{"line":313,"column":53}},"107":{"start":{"line":321,"column":25},"end":{"line":321,"column":74}},"108":{"start":{"line":322,"column":8},"end":{"line":322,"column":67}},"109":{"start":{"line":323,"column":8},"end":{"line":323,"column":82}},"110":{"start":{"line":324,"column":23},"end":{"line":324,"column":27}},"111":{"start":{"line":326,"column":8},"end":{"line":328,"column":11}},"112":{"start":{"line":327,"column":12},"end":{"line":327,"column":49}},"113":{"start":{"line":330,"column":8},"end":{"line":332,"column":11}},"114":{"start":{"line":331,"column":12},"end":{"line":331,"column":46}},"115":{"start":{"line":334,"column":8},"end":{"line":336,"column":11}},"116":{"start":{"line":335,"column":12},"end":{"line":335,"column":46}},"117":{"start":{"line":338,"column":27},"end":{"line":342,"column":9}},"118":{"start":{"line":344,"column":8},"end":{"line":361,"column":11}},"119":{"start":{"line":350,"column":28},"end":{"line":350,"column":43}},"120":{"start":{"line":352,"column":12},"end":{"line":360,"column":13}},"121":{"start":{"line":353,"column":16},"end":{"line":353,"column":47}},"122":{"start":{"line":354,"column":16},"end":{"line":354,"column":70}},"123":{"start":{"line":355,"column":16},"end":{"line":357,"column":36}},"124":{"start":{"line":359,"column":16},"end":{"line":359,"column":81}},"125":{"start":{"line":368,"column":8},"end":{"line":380,"column":9}},"126":{"start":{"line":370,"column":16},"end":{"line":370,"column":48}},"127":{"start":{"line":371,"column":16},"end":{"line":371,"column":22}},"128":{"start":{"line":373,"column":16},"end":{"line":373,"column":63}},"129":{"start":{"line":374,"column":16},"end":{"line":374,"column":22}},"130":{"start":{"line":376,"column":16},"end":{"line":376,"column":68}},"131":{"start":{"line":377,"column":16},"end":{"line":377,"column":22}},"132":{"start":{"line":379,"column":16},"end":{"line":379,"column":82}},"133":{"start":{"line":384,"column":21},"end":{"line":390,"column":10}},"134":{"start":{"line":391,"column":8},"end":{"line":391,"column":27}},"135":{"start":{"line":392,"column":25},"end":{"line":392,"column":47}},"136":{"start":{"line":393,"column":8},"end":{"line":393,"column":91}},"137":{"start":{"line":400,"column":8},"end":{"line":403,"column":13}},"138":{"start":{"line":410,"column":8},"end":{"line":413,"column":12}},"139":{"start":{"line":423,"column":8},"end":{"line":423,"column":58}},"140":{"start":{"line":424,"column":8},"end":{"line":426,"column":9}},"141":{"start":{"line":425,"column":12},"end":{"line":425,"column":48}},"142":{"start":{"line":427,"column":8},"end":{"line":455,"column":9}},"143":{"start":{"line":430,"column":16},"end":{"line":432,"column":17}},"144":{"start":{"line":431,"column":20},"end":{"line":431,"column":78}},"145":{"start":{"line":433,"column":12},"end":{"line":433,"column":18}},"146":{"start":{"line":435,"column":16},"end":{"line":437,"column":17}},"147":{"start":{"line":436,"column":20},"end":{"line":436,"column":84}},"148":{"start":{"line":438,"column":12},"end":{"line":438,"column":18}},"149":{"start":{"line":440,"column":16},"end":{"line":442,"column":17}},"150":{"start":{"line":441,"column":20},"end":{"line":441,"column":84}},"151":{"start":{"line":443,"column":12},"end":{"line":443,"column":18}},"152":{"start":{"line":446,"column":16},"end":{"line":448,"column":17}},"153":{"start":{"line":447,"column":20},"end":{"line":447,"column":83}},"154":{"start":{"line":449,"column":12},"end":{"line":449,"column":18}},"155":{"start":{"line":451,"column":16},"end":{"line":453,"column":17}},"156":{"start":{"line":452,"column":20},"end":{"line":452,"column":94}},"157":{"start":{"line":454,"column":12},"end":{"line":454,"column":18}},"158":{"start":{"line":457,"column":8},"end":{"line":459,"column":9}},"159":{"start":{"line":458,"column":12},"end":{"line":458,"column":43}},"160":{"start":{"line":461,"column":8},"end":{"line":463,"column":11}},"161":{"start":{"line":462,"column":12},"end":{"line":462,"column":43}},"162":{"start":{"line":467,"column":8},"end":{"line":469,"column":11}},"163":{"start":{"line":468,"column":12},"end":{"line":468,"column":48}},"164":{"start":{"line":478,"column":8},"end":{"line":480,"column":9}},"165":{"start":{"line":479,"column":12},"end":{"line":479,"column":92}},"166":{"start":{"line":481,"column":8},"end":{"line":481,"column":51}},"167":{"start":{"line":482,"column":8},"end":{"line":482,"column":49}},"168":{"start":{"line":483,"column":31},"end":{"line":483,"column":93}},"169":{"start":{"line":484,"column":21},"end":{"line":484,"column":122}},"170":{"start":{"line":485,"column":8},"end":{"line":485,"column":27}},"171":{"start":{"line":486,"column":27},"end":{"line":488,"column":10}},"172":{"start":{"line":489,"column":8},"end":{"line":491,"column":9}},"173":{"start":{"line":490,"column":12},"end":{"line":490,"column":96}},"174":{"start":{"line":492,"column":8},"end":{"line":492,"column":42}},"175":{"start":{"line":493,"column":8},"end":{"line":493,"column":53}},"176":{"start":{"line":501,"column":8},"end":{"line":501,"column":51}},"177":{"start":{"line":502,"column":8},"end":{"line":502,"column":49}},"178":{"start":{"line":503,"column":8},"end":{"line":507,"column":9}},"179":{"start":{"line":504,"column":28},"end":{"line":504,"column":105}},"180":{"start":{"line":505,"column":12},"end":{"line":505,"column":30}},"181":{"start":{"line":506,"column":12},"end":{"line":506,"column":54}},"182":{"start":{"line":508,"column":29},"end":{"line":508,"column":91}},"183":{"start":{"line":509,"column":22},"end":{"line":509,"column":50}},"184":{"start":{"line":510,"column":8},"end":{"line":519,"column":11}},"185":{"start":{"line":511,"column":12},"end":{"line":511,"column":58}},"186":{"start":{"line":512,"column":25},"end":{"line":512,"column":145}},"187":{"start":{"line":513,"column":12},"end":{"line":513,"column":31}},"188":{"start":{"line":514,"column":31},"end":{"line":516,"column":14}},"189":{"start":{"line":517,"column":12},"end":{"line":517,"column":95}},"190":{"start":{"line":518,"column":12},"end":{"line":518,"column":69}},"191":{"start":{"line":523,"column":23},"end":{"line":523,"column":25}},"192":{"start":{"line":524,"column":8},"end":{"line":531,"column":9}},"193":{"start":{"line":524,"column":19},"end":{"line":524,"column":20}},"194":{"start":{"line":525,"column":12},"end":{"line":530,"column":15}},"195":{"start":{"line":532,"column":8},"end":{"line":539,"column":9}},"196":{"start":{"line":532,"column":19},"end":{"line":532,"column":41}},"197":{"start":{"line":533,"column":12},"end":{"line":538,"column":15}},"198":{"start":{"line":540,"column":8},"end":{"line":547,"column":9}},"199":{"start":{"line":540,"column":19},"end":{"line":540,"column":43}},"200":{"start":{"line":541,"column":12},"end":{"line":546,"column":15}},"201":{"start":{"line":548,"column":8},"end":{"line":555,"column":9}},"202":{"start":{"line":548,"column":19},"end":{"line":548,"column":43}},"203":{"start":{"line":549,"column":12},"end":{"line":554,"column":15}},"204":{"start":{"line":556,"column":8},"end":{"line":563,"column":9}},"205":{"start":{"line":556,"column":19},"end":{"line":556,"column":43}},"206":{"start":{"line":557,"column":12},"end":{"line":562,"column":15}},"207":{"start":{"line":564,"column":8},"end":{"line":564,"column":24}},"208":{"start":{"line":568,"column":28},"end":{"line":568,"column":81}},"209":{"start":{"line":569,"column":8},"end":{"line":575,"column":11}},"210":{"start":{"line":570,"column":12},"end":{"line":570,"column":83}},"211":{"start":{"line":571,"column":12},"end":{"line":571,"column":120}},"212":{"start":{"line":572,"column":12},"end":{"line":572,"column":86}},"213":{"start":{"line":573,"column":12},"end":{"line":573,"column":109}},"214":{"start":{"line":574,"column":12},"end":{"line":574,"column":69}},"215":{"start":{"line":576,"column":8},"end":{"line":576,"column":27}},"216":{"start":{"line":580,"column":8},"end":{"line":582,"column":9}},"217":{"start":{"line":581,"column":12},"end":{"line":581,"column":92}},"218":{"start":{"line":583,"column":8},"end":{"line":583,"column":142}},"219":{"start":{"line":583,"column":69},"end":{"line":583,"column":129}},"220":{"start":{"line":590,"column":8},"end":{"line":593,"column":12}},"221":{"start":{"line":600,"column":8},"end":{"line":616,"column":12}},"222":{"start":{"line":623,"column":28},"end":{"line":623,"column":52}},"223":{"start":{"line":624,"column":23},"end":{"line":624,"column":49}},"224":{"start":{"line":625,"column":8},"end":{"line":625,"column":99}},"225":{"start":{"line":633,"column":25},"end":{"line":633,"column":29}},"226":{"start":{"line":634,"column":8},"end":{"line":646,"column":9}},"227":{"start":{"line":635,"column":31},"end":{"line":635,"column":49}},"228":{"start":{"line":636,"column":26},"end":{"line":638,"column":77}},"229":{"start":{"line":639,"column":12},"end":{"line":639,"column":39}},"230":{"start":{"line":640,"column":12},"end":{"line":640,"column":54}},"231":{"start":{"line":641,"column":12},"end":{"line":641,"column":49}},"232":{"start":{"line":642,"column":12},"end":{"line":642,"column":39}},"233":{"start":{"line":643,"column":12},"end":{"line":643,"column":46}},"234":{"start":{"line":644,"column":12},"end":{"line":644,"column":108}},"235":{"start":{"line":645,"column":12},"end":{"line":645,"column":64}},"236":{"start":{"line":647,"column":8},"end":{"line":647,"column":59}},"237":{"start":{"line":655,"column":8},"end":{"line":655,"column":38}},"238":{"start":{"line":656,"column":30},"end":{"line":656,"column":64}},"239":{"start":{"line":657,"column":8},"end":{"line":657,"column":41}},"240":{"start":{"line":658,"column":8},"end":{"line":658,"column":89}},"241":{"start":{"line":666,"column":8},"end":{"line":666,"column":52}},"242":{"start":{"line":667,"column":29},"end":{"line":667,"column":31}},"243":{"start":{"line":668,"column":8},"end":{"line":672,"column":9}},"244":{"start":{"line":669,"column":12},"end":{"line":669,"column":95}},"245":{"start":{"line":670,"column":12},"end":{"line":670,"column":89}},"246":{"start":{"line":671,"column":12},"end":{"line":671,"column":48}},"247":{"start":{"line":673,"column":8},"end":{"line":673,"column":88}},"248":{"start":{"line":679,"column":24},"end":{"line":679,"column":28}},"249":{"start":{"line":680,"column":8},"end":{"line":680,"column":48}},"250":{"start":{"line":681,"column":8},"end":{"line":681,"column":76}},"251":{"start":{"line":687,"column":24},"end":{"line":687,"column":29}},"252":{"start":{"line":688,"column":8},"end":{"line":688,"column":48}},"253":{"start":{"line":689,"column":8},"end":{"line":689,"column":76}},"254":{"start":{"line":696,"column":8},"end":{"line":696,"column":41}},"255":{"start":{"line":697,"column":8},"end":{"line":701,"column":12}},"256":{"start":{"line":709,"column":8},"end":{"line":709,"column":42}},"257":{"start":{"line":710,"column":8},"end":{"line":714,"column":12}},"258":{"start":{"line":721,"column":34},"end":{"line":721,"column":38}},"259":{"start":{"line":722,"column":8},"end":{"line":722,"column":58}},"260":{"start":{"line":723,"column":8},"end":{"line":723,"column":101}},"261":{"start":{"line":730,"column":34},"end":{"line":730,"column":39}},"262":{"start":{"line":731,"column":8},"end":{"line":731,"column":58}},"263":{"start":{"line":732,"column":8},"end":{"line":732,"column":101}},"264":{"start":{"line":739,"column":8},"end":{"line":741,"column":9}},"265":{"start":{"line":740,"column":12},"end":{"line":740,"column":91}},"266":{"start":{"line":742,"column":21},"end":{"line":749,"column":10}},"267":{"start":{"line":750,"column":8},"end":{"line":750,"column":27}},"268":{"start":{"line":751,"column":8},"end":{"line":751,"column":85}},"269":{"start":{"line":759,"column":8},"end":{"line":761,"column":9}},"270":{"start":{"line":760,"column":12},"end":{"line":760,"column":116}},"271":{"start":{"line":762,"column":8},"end":{"line":762,"column":96}},"272":{"start":{"line":770,"column":21},"end":{"line":770,"column":111}},"273":{"start":{"line":771,"column":8},"end":{"line":771,"column":85}},"274":{"start":{"line":772,"column":8},"end":{"line":772,"column":64}},"275":{"start":{"line":773,"column":8},"end":{"line":773,"column":27}},"276":{"start":{"line":774,"column":8},"end":{"line":774,"column":76}},"277":{"start":{"line":775,"column":8},"end":{"line":775,"column":89}},"278":{"start":{"line":784,"column":8},"end":{"line":788,"column":9}},"279":{"start":{"line":785,"column":12},"end":{"line":785,"column":62}},"280":{"start":{"line":787,"column":12},"end":{"line":787,"column":29}},"281":{"start":{"line":795,"column":21},"end":{"line":795,"column":45}},"282":{"start":{"line":796,"column":8},"end":{"line":796,"column":46}},"283":{"start":{"line":797,"column":8},"end":{"line":797,"column":40}},"284":{"start":{"line":798,"column":8},"end":{"line":798,"column":27}},"285":{"start":{"line":806,"column":28},"end":{"line":806,"column":47}},"286":{"start":{"line":807,"column":28},"end":{"line":807,"column":47}},"287":{"start":{"line":808,"column":8},"end":{"line":808,"column":74}},"288":{"start":{"line":809,"column":8},"end":{"line":809,"column":74}},"289":{"start":{"line":810,"column":8},"end":{"line":814,"column":12}},"290":{"start":{"line":821,"column":8},"end":{"line":823,"column":11}},"291":{"start":{"line":822,"column":12},"end":{"line":822,"column":46}},"292":{"start":{"line":825,"column":8},"end":{"line":828,"column":12}},"293":{"start":{"line":837,"column":8},"end":{"line":837,"column":39}},"294":{"start":{"line":838,"column":8},"end":{"line":838,"column":84}},"295":{"start":{"line":839,"column":8},"end":{"line":841,"column":12}},"296":{"start":{"line":848,"column":8},"end":{"line":848,"column":47}},"297":{"start":{"line":855,"column":29},"end":{"line":855,"column":31}},"298":{"start":{"line":856,"column":8},"end":{"line":865,"column":10}},"299":{"start":{"line":857,"column":12},"end":{"line":864,"column":13}},"300":{"start":{"line":858,"column":16},"end":{"line":863,"column":19}},"301":{"start":{"line":866,"column":23},"end":{"line":866,"column":99}},"302":{"start":{"line":867,"column":8},"end":{"line":869,"column":12}},"303":{"start":{"line":878,"column":8},"end":{"line":882,"column":9}},"304":{"start":{"line":879,"column":28},"end":{"line":879,"column":72}},"305":{"start":{"line":880,"column":12},"end":{"line":880,"column":30}},"306":{"start":{"line":881,"column":12},"end":{"line":881,"column":54}},"307":{"start":{"line":883,"column":27},"end":{"line":883,"column":45}},"308":{"start":{"line":885,"column":8},"end":{"line":889,"column":9}},"309":{"start":{"line":886,"column":12},"end":{"line":886,"column":66}},"310":{"start":{"line":887,"column":15},"end":{"line":889,"column":9}},"311":{"start":{"line":888,"column":12},"end":{"line":888,"column":55}},"312":{"start":{"line":891,"column":27},"end":{"line":891,"column":114}},"313":{"start":{"line":892,"column":25},"end":{"line":892,"column":35}},"314":{"start":{"line":893,"column":8},"end":{"line":896,"column":9}},"315":{"start":{"line":894,"column":37},"end":{"line":894,"column":89}},"316":{"start":{"line":895,"column":12},"end":{"line":895,"column":78}},"317":{"start":{"line":897,"column":8},"end":{"line":899,"column":9}},"318":{"start":{"line":898,"column":12},"end":{"line":898,"column":181}},"319":{"start":{"line":901,"column":8},"end":{"line":911,"column":9}},"320":{"start":{"line":902,"column":34},"end":{"line":902,"column":98}},"321":{"start":{"line":903,"column":12},"end":{"line":903,"column":87}},"322":{"start":{"line":904,"column":12},"end":{"line":904,"column":44}},"323":{"start":{"line":905,"column":12},"end":{"line":910,"column":16}},"324":{"start":{"line":913,"column":8},"end":{"line":913,"column":50}},"325":{"start":{"line":914,"column":8},"end":{"line":914,"column":44}},"326":{"start":{"line":915,"column":34},"end":{"line":915,"column":71}},"327":{"start":{"line":916,"column":24},"end":{"line":916,"column":259}},"328":{"start":{"line":917,"column":8},"end":{"line":917,"column":49}},"329":{"start":{"line":918,"column":8},"end":{"line":918,"column":48}},"330":{"start":{"line":919,"column":8},"end":{"line":919,"column":58}},"331":{"start":{"line":920,"column":8},"end":{"line":920,"column":85}},"332":{"start":{"line":921,"column":8},"end":{"line":921,"column":33}},"333":{"start":{"line":922,"column":8},"end":{"line":922,"column":30}},"334":{"start":{"line":923,"column":41},"end":{"line":923,"column":94}},"335":{"start":{"line":924,"column":8},"end":{"line":929,"column":12}},"336":{"start":{"line":933,"column":8},"end":{"line":943,"column":11}},"337":{"start":{"line":939,"column":28},"end":{"line":939,"column":43}},"338":{"start":{"line":940,"column":12},"end":{"line":940,"column":27}},"339":{"start":{"line":942,"column":12},"end":{"line":942,"column":39}},"340":{"start":{"line":950,"column":18},"end":{"line":950,"column":137}},"341":{"start":{"line":951,"column":8},"end":{"line":963,"column":11}},"342":{"start":{"line":955,"column":28},"end":{"line":955,"column":43}},"343":{"start":{"line":957,"column":12},"end":{"line":959,"column":13}},"344":{"start":{"line":958,"column":16},"end":{"line":958,"column":139}},"345":{"start":{"line":960,"column":12},"end":{"line":960,"column":24}},"346":{"start":{"line":962,"column":12},"end":{"line":962,"column":39}},"347":{"start":{"line":969,"column":21},"end":{"line":969,"column":112}},"348":{"start":{"line":970,"column":8},"end":{"line":970,"column":54}},"349":{"start":{"line":971,"column":8},"end":{"line":971,"column":45}},"350":{"start":{"line":972,"column":8},"end":{"line":972,"column":27}},"351":{"start":{"line":973,"column":8},"end":{"line":978,"column":13}},"352":{"start":{"line":984,"column":21},"end":{"line":984,"column":111}},"353":{"start":{"line":985,"column":8},"end":{"line":985,"column":52}},"354":{"start":{"line":986,"column":8},"end":{"line":986,"column":44}},"355":{"start":{"line":987,"column":8},"end":{"line":987,"column":27}},"356":{"start":{"line":988,"column":8},"end":{"line":988,"column":127}},"357":{"start":{"line":996,"column":21},"end":{"line":996,"column":89}},"358":{"start":{"line":997,"column":30},"end":{"line":997,"column":94}},"359":{"start":{"line":998,"column":8},"end":{"line":998,"column":44}},"360":{"start":{"line":999,"column":24},"end":{"line":999,"column":63}},"361":{"start":{"line":1000,"column":8},"end":{"line":1000,"column":87}},"362":{"start":{"line":1001,"column":8},"end":{"line":1001,"column":85}},"363":{"start":{"line":1002,"column":8},"end":{"line":1002,"column":40}},"364":{"start":{"line":1003,"column":8},"end":{"line":1003,"column":63}},"365":{"start":{"line":1007,"column":21},"end":{"line":1007,"column":111}},"366":{"start":{"line":1008,"column":30},"end":{"line":1008,"column":52}},"367":{"start":{"line":1009,"column":8},"end":{"line":1009,"column":43}},"368":{"start":{"line":1010,"column":24},"end":{"line":1010,"column":76}},"369":{"start":{"line":1011,"column":8},"end":{"line":1011,"column":85}},"370":{"start":{"line":1012,"column":8},"end":{"line":1012,"column":62}},"371":{"start":{"line":1019,"column":21},"end":{"line":1019,"column":115}},"372":{"start":{"line":1020,"column":8},"end":{"line":1020,"column":52}},"373":{"start":{"line":1021,"column":8},"end":{"line":1021,"column":81}},"374":{"start":{"line":1022,"column":8},"end":{"line":1022,"column":67}},"375":{"start":{"line":1023,"column":8},"end":{"line":1023,"column":89}},"376":{"start":{"line":1024,"column":8},"end":{"line":1024,"column":27}},"377":{"start":{"line":1025,"column":8},"end":{"line":1025,"column":38}},"378":{"start":{"line":1026,"column":8},"end":{"line":1026,"column":107}},"379":{"start":{"line":1032,"column":29},"end":{"line":1032,"column":127}},"380":{"start":{"line":1033,"column":8},"end":{"line":1037,"column":11}},"381":{"start":{"line":1034,"column":12},"end":{"line":1034,"column":50}},"382":{"start":{"line":1035,"column":12},"end":{"line":1035,"column":48}},"383":{"start":{"line":1036,"column":12},"end":{"line":1036,"column":24}},"384":{"start":{"line":1038,"column":8},"end":{"line":1038,"column":85}},"385":{"start":{"line":1039,"column":8},"end":{"line":1039,"column":118}},"386":{"start":{"line":1040,"column":8},"end":{"line":1040,"column":44}},"387":{"start":{"line":1041,"column":8},"end":{"line":1041,"column":59}},"388":{"start":{"line":1052,"column":8},"end":{"line":1056,"column":13}},"389":{"start":{"line":1053,"column":12},"end":{"line":1055,"column":13}},"390":{"start":{"line":1054,"column":16},"end":{"line":1054,"column":123}},"391":{"start":{"line":1064,"column":8},"end":{"line":1064,"column":30}},"392":{"start":{"line":1072,"column":8},"end":{"line":1072,"column":44}},"393":{"start":{"line":1073,"column":8},"end":{"line":1073,"column":84}},"394":{"start":{"line":1080,"column":8},"end":{"line":1080,"column":43}},"395":{"start":{"line":1084,"column":8},"end":{"line":1089,"column":12}},"396":{"start":{"line":1096,"column":32},"end":{"line":1096,"column":39}},"397":{"start":{"line":1097,"column":25},"end":{"line":1097,"column":73}},"398":{"start":{"line":1098,"column":21},"end":{"line":1103,"column":93}},"399":{"start":{"line":1104,"column":8},"end":{"line":1104,"column":27}},"400":{"start":{"line":1105,"column":8},"end":{"line":1105,"column":112}},"401":{"start":{"line":1112,"column":32},"end":{"line":1112,"column":39}},"402":{"start":{"line":1113,"column":25},"end":{"line":1113,"column":73}},"403":{"start":{"line":1114,"column":21},"end":{"line":1119,"column":145}},"404":{"start":{"line":1120,"column":8},"end":{"line":1120,"column":27}},"405":{"start":{"line":1121,"column":8},"end":{"line":1121,"column":113}},"406":{"start":{"line":1128,"column":8},"end":{"line":1128,"column":49}},"407":{"start":{"line":1129,"column":25},"end":{"line":1129,"column":27}},"408":{"start":{"line":1130,"column":8},"end":{"line":1140,"column":11}},"409":{"start":{"line":1133,"column":12},"end":{"line":1135,"column":13}},"410":{"start":{"line":1134,"column":16},"end":{"line":1134,"column":75}},"411":{"start":{"line":1136,"column":12},"end":{"line":1138,"column":13}},"412":{"start":{"line":1137,"column":16},"end":{"line":1137,"column":77}},"413":{"start":{"line":1139,"column":12},"end":{"line":1139,"column":92}},"414":{"start":{"line":1141,"column":24},"end":{"line":1141,"column":143}},"415":{"start":{"line":1142,"column":8},"end":{"line":1142,"column":95}},"416":{"start":{"line":1150,"column":8},"end":{"line":1150,"column":72}},"417":{"start":{"line":1154,"column":8},"end":{"line":1154,"column":98}},"418":{"start":{"line":1158,"column":8},"end":{"line":1158,"column":98}}},"fnMap":{"0":{"name":"(anonymous_0)","decl":{"start":{"line":34,"column":4},"end":{"line":34,"column":5}},"loc":{"start":{"line":34,"column":69},"end":{"line":44,"column":5}},"line":34},"1":{"name":"(anonymous_1)","decl":{"start":{"line":49,"column":4},"end":{"line":49,"column":5}},"loc":{"start":{"line":49,"column":35},"end":{"line":51,"column":5}},"line":49},"2":{"name":"(anonymous_2)","decl":{"start":{"line":62,"column":4},"end":{"line":62,"column":5}},"loc":{"start":{"line":99,"column":6},"end":{"line":104,"column":5}},"line":99},"3":{"name":"(anonymous_3)","decl":{"start":{"line":108,"column":4},"end":{"line":108,"column":5}},"loc":{"start":{"line":108,"column":18},"end":{"line":127,"column":5}},"line":108},"4":{"name":"(anonymous_4)","decl":{"start":{"line":113,"column":83},"end":{"line":113,"column":84}},"loc":{"start":{"line":113,"column":92},"end":{"line":113,"column":172}},"line":113},"5":{"name":"(anonymous_5)","decl":{"start":{"line":131,"column":4},"end":{"line":131,"column":5}},"loc":{"start":{"line":131,"column":18},"end":{"line":134,"column":5}},"line":131},"6":{"name":"(anonymous_6)","decl":{"start":{"line":140,"column":4},"end":{"line":140,"column":5}},"loc":{"start":{"line":140,"column":46},"end":{"line":144,"column":5}},"line":140},"7":{"name":"(anonymous_7)","decl":{"start":{"line":148,"column":4},"end":{"line":148,"column":5}},"loc":{"start":{"line":148,"column":36},"end":{"line":152,"column":5}},"line":148},"8":{"name":"(anonymous_8)","decl":{"start":{"line":156,"column":4},"end":{"line":156,"column":5}},"loc":{"start":{"line":156,"column":33},"end":{"line":165,"column":5}},"line":156},"9":{"name":"(anonymous_9)","decl":{"start":{"line":170,"column":4},"end":{"line":170,"column":5}},"loc":{"start":{"line":170,"column":26},"end":{"line":173,"column":5}},"line":170},"10":{"name":"(anonymous_10)","decl":{"start":{"line":175,"column":4},"end":{"line":175,"column":5}},"loc":{"start":{"line":175,"column":27},"end":{"line":181,"column":5}},"line":175},"11":{"name":"(anonymous_11)","decl":{"start":{"line":186,"column":3},"end":{"line":186,"column":4}},"loc":{"start":{"line":186,"column":34},"end":{"line":189,"column":5}},"line":186},"12":{"name":"(anonymous_12)","decl":{"start":{"line":191,"column":4},"end":{"line":191,"column":5}},"loc":{"start":{"line":191,"column":22},"end":{"line":194,"column":5}},"line":191},"13":{"name":"(anonymous_13)","decl":{"start":{"line":199,"column":3},"end":{"line":199,"column":4}},"loc":{"start":{"line":199,"column":36},"end":{"line":216,"column":2}},"line":199},"14":{"name":"(anonymous_14)","decl":{"start":{"line":221,"column":3},"end":{"line":221,"column":4}},"loc":{"start":{"line":221,"column":36},"end":{"line":224,"column":4}},"line":221},"15":{"name":"(anonymous_15)","decl":{"start":{"line":229,"column":3},"end":{"line":229,"column":4}},"loc":{"start":{"line":229,"column":22},"end":{"line":232,"column":5}},"line":229},"16":{"name":"(anonymous_16)","decl":{"start":{"line":237,"column":4},"end":{"line":237,"column":5}},"loc":{"start":{"line":237,"column":34},"end":{"line":242,"column":5}},"line":237},"17":{"name":"(anonymous_17)","decl":{"start":{"line":247,"column":4},"end":{"line":247,"column":5}},"loc":{"start":{"line":247,"column":17},"end":{"line":254,"column":5}},"line":247},"18":{"name":"(anonymous_18)","decl":{"start":{"line":249,"column":37},"end":{"line":249,"column":38}},"loc":{"start":{"line":249,"column":45},"end":{"line":249,"column":96}},"line":249},"19":{"name":"(anonymous_19)","decl":{"start":{"line":259,"column":4},"end":{"line":259,"column":5}},"loc":{"start":{"line":259,"column":37},"end":{"line":275,"column":5}},"line":259},"20":{"name":"(anonymous_20)","decl":{"start":{"line":265,"column":35},"end":{"line":265,"column":36}},"loc":{"start":{"line":265,"column":42},"end":{"line":265,"column":146}},"line":265},"21":{"name":"(anonymous_21)","decl":{"start":{"line":265,"column":64},"end":{"line":265,"column":65}},"loc":{"start":{"line":265,"column":71},"end":{"line":265,"column":145}},"line":265},"22":{"name":"(anonymous_22)","decl":{"start":{"line":267,"column":37},"end":{"line":267,"column":38}},"loc":{"start":{"line":267,"column":45},"end":{"line":271,"column":9}},"line":267},"23":{"name":"(anonymous_23)","decl":{"start":{"line":270,"column":35},"end":{"line":270,"column":36}},"loc":{"start":{"line":270,"column":43},"end":{"line":270,"column":61}},"line":270},"24":{"name":"(anonymous_24)","decl":{"start":{"line":280,"column":4},"end":{"line":280,"column":5}},"loc":{"start":{"line":280,"column":31},"end":{"line":307,"column":5}},"line":280},"25":{"name":"(anonymous_25)","decl":{"start":{"line":298,"column":31},"end":{"line":298,"column":32}},"loc":{"start":{"line":298,"column":50},"end":{"line":304,"column":9}},"line":298},"26":{"name":"(anonymous_26)","decl":{"start":{"line":312,"column":4},"end":{"line":312,"column":5}},"loc":{"start":{"line":312,"column":30},"end":{"line":314,"column":5}},"line":312},"27":{"name":"(anonymous_27)","decl":{"start":{"line":320,"column":4},"end":{"line":320,"column":5}},"loc":{"start":{"line":320,"column":27},"end":{"line":362,"column":5}},"line":320},"28":{"name":"(anonymous_28)","decl":{"start":{"line":326,"column":33},"end":{"line":326,"column":34}},"loc":{"start":{"line":326,"column":48},"end":{"line":328,"column":9}},"line":326},"29":{"name":"(anonymous_29)","decl":{"start":{"line":330,"column":29},"end":{"line":330,"column":30}},"loc":{"start":{"line":330,"column":35},"end":{"line":332,"column":9}},"line":330},"30":{"name":"(anonymous_30)","decl":{"start":{"line":334,"column":29},"end":{"line":334,"column":30}},"loc":{"start":{"line":334,"column":40},"end":{"line":336,"column":9}},"line":334},"31":{"name":"(anonymous_31)","decl":{"start":{"line":350,"column":16},"end":{"line":350,"column":17}},"loc":{"start":{"line":350,"column":28},"end":{"line":350,"column":43}},"line":350},"32":{"name":"(anonymous_32)","decl":{"start":{"line":351,"column":16},"end":{"line":351,"column":17}},"loc":{"start":{"line":351,"column":26},"end":{"line":361,"column":9}},"line":351},"33":{"name":"(anonymous_33)","decl":{"start":{"line":367,"column":4},"end":{"line":367,"column":5}},"loc":{"start":{"line":367,"column":33},"end":{"line":381,"column":5}},"line":367},"34":{"name":"(anonymous_34)","decl":{"start":{"line":383,"column":4},"end":{"line":383,"column":5}},"loc":{"start":{"line":383,"column":30},"end":{"line":394,"column":5}},"line":383},"35":{"name":"(anonymous_35)","decl":{"start":{"line":399,"column":4},"end":{"line":399,"column":5}},"loc":{"start":{"line":399,"column":22},"end":{"line":404,"column":5}},"line":399},"36":{"name":"(anonymous_36)","decl":{"start":{"line":409,"column":4},"end":{"line":409,"column":5}},"loc":{"start":{"line":409,"column":17},"end":{"line":414,"column":5}},"line":409},"37":{"name":"(anonymous_37)","decl":{"start":{"line":422,"column":4},"end":{"line":422,"column":5}},"loc":{"start":{"line":422,"column":34},"end":{"line":464,"column":5}},"line":422},"38":{"name":"(anonymous_38)","decl":{"start":{"line":461,"column":51},"end":{"line":461,"column":52}},"loc":{"start":{"line":461,"column":57},"end":{"line":463,"column":9}},"line":461},"39":{"name":"(anonymous_39)","decl":{"start":{"line":466,"column":4},"end":{"line":466,"column":5}},"loc":{"start":{"line":466,"column":16},"end":{"line":470,"column":5}},"line":466},"40":{"name":"(anonymous_40)","decl":{"start":{"line":467,"column":27},"end":{"line":467,"column":28}},"loc":{"start":{"line":467,"column":38},"end":{"line":469,"column":9}},"line":467},"41":{"name":"(anonymous_41)","decl":{"start":{"line":477,"column":4},"end":{"line":477,"column":5}},"loc":{"start":{"line":477,"column":45},"end":{"line":494,"column":5}},"line":477},"42":{"name":"(anonymous_42)","decl":{"start":{"line":500,"column":4},"end":{"line":500,"column":5}},"loc":{"start":{"line":500,"column":44},"end":{"line":520,"column":5}},"line":500},"43":{"name":"(anonymous_43)","decl":{"start":{"line":510,"column":94},"end":{"line":510,"column":95}},"loc":{"start":{"line":510,"column":104},"end":{"line":519,"column":9}},"line":510},"44":{"name":"(anonymous_44)","decl":{"start":{"line":522,"column":4},"end":{"line":522,"column":5}},"loc":{"start":{"line":522,"column":46},"end":{"line":565,"column":5}},"line":522},"45":{"name":"(anonymous_45)","decl":{"start":{"line":567,"column":4},"end":{"line":567,"column":5}},"loc":{"start":{"line":567,"column":24},"end":{"line":577,"column":5}},"line":567},"46":{"name":"(anonymous_46)","decl":{"start":{"line":569,"column":41},"end":{"line":569,"column":42}},"loc":{"start":{"line":569,"column":51},"end":{"line":575,"column":9}},"line":569},"47":{"name":"(anonymous_47)","decl":{"start":{"line":579,"column":4},"end":{"line":579,"column":5}},"loc":{"start":{"line":579,"column":36},"end":{"line":584,"column":5}},"line":579},"48":{"name":"(anonymous_48)","decl":{"start":{"line":583,"column":60},"end":{"line":583,"column":61}},"loc":{"start":{"line":583,"column":69},"end":{"line":583,"column":129}},"line":583},"49":{"name":"(anonymous_49)","decl":{"start":{"line":589,"column":4},"end":{"line":589,"column":5}},"loc":{"start":{"line":589,"column":21},"end":{"line":594,"column":5}},"line":589},"50":{"name":"(anonymous_50)","decl":{"start":{"line":599,"column":4},"end":{"line":599,"column":5}},"loc":{"start":{"line":599,"column":22},"end":{"line":617,"column":5}},"line":599},"51":{"name":"(anonymous_51)","decl":{"start":{"line":622,"column":4},"end":{"line":622,"column":5}},"loc":{"start":{"line":622,"column":21},"end":{"line":626,"column":5}},"line":622},"52":{"name":"(anonymous_52)","decl":{"start":{"line":632,"column":4},"end":{"line":632,"column":5}},"loc":{"start":{"line":632,"column":20},"end":{"line":648,"column":5}},"line":632},"53":{"name":"(anonymous_53)","decl":{"start":{"line":654,"column":4},"end":{"line":654,"column":5}},"loc":{"start":{"line":654,"column":22},"end":{"line":659,"column":5}},"line":654},"54":{"name":"(anonymous_54)","decl":{"start":{"line":665,"column":4},"end":{"line":665,"column":5}},"loc":{"start":{"line":665,"column":36},"end":{"line":674,"column":5}},"line":665},"55":{"name":"(anonymous_55)","decl":{"start":{"line":678,"column":4},"end":{"line":678,"column":5}},"loc":{"start":{"line":678,"column":11},"end":{"line":682,"column":5}},"line":678},"56":{"name":"(anonymous_56)","decl":{"start":{"line":686,"column":4},"end":{"line":686,"column":5}},"loc":{"start":{"line":686,"column":13},"end":{"line":690,"column":5}},"line":686},"57":{"name":"(anonymous_57)","decl":{"start":{"line":695,"column":4},"end":{"line":695,"column":5}},"loc":{"start":{"line":695,"column":15},"end":{"line":702,"column":5}},"line":695},"58":{"name":"(anonymous_58)","decl":{"start":{"line":708,"column":4},"end":{"line":708,"column":5}},"loc":{"start":{"line":708,"column":17},"end":{"line":715,"column":5}},"line":708},"59":{"name":"(anonymous_59)","decl":{"start":{"line":720,"column":4},"end":{"line":720,"column":5}},"loc":{"start":{"line":720,"column":25},"end":{"line":724,"column":5}},"line":720},"60":{"name":"(anonymous_60)","decl":{"start":{"line":729,"column":4},"end":{"line":729,"column":5}},"loc":{"start":{"line":729,"column":26},"end":{"line":733,"column":5}},"line":729},"61":{"name":"(anonymous_61)","decl":{"start":{"line":738,"column":4},"end":{"line":738,"column":5}},"loc":{"start":{"line":738,"column":30},"end":{"line":752,"column":5}},"line":738},"62":{"name":"(anonymous_62)","decl":{"start":{"line":757,"column":4},"end":{"line":757,"column":5}},"loc":{"start":{"line":757,"column":41},"end":{"line":763,"column":5}},"line":757},"63":{"name":"(anonymous_63)","decl":{"start":{"line":769,"column":4},"end":{"line":769,"column":5}},"loc":{"start":{"line":769,"column":38},"end":{"line":776,"column":5}},"line":769},"64":{"name":"(anonymous_64)","decl":{"start":{"line":783,"column":4},"end":{"line":783,"column":5}},"loc":{"start":{"line":783,"column":19},"end":{"line":789,"column":5}},"line":783},"65":{"name":"(anonymous_65)","decl":{"start":{"line":794,"column":4},"end":{"line":794,"column":5}},"loc":{"start":{"line":794,"column":40},"end":{"line":799,"column":5}},"line":794},"66":{"name":"(anonymous_66)","decl":{"start":{"line":805,"column":4},"end":{"line":805,"column":5}},"loc":{"start":{"line":805,"column":28},"end":{"line":815,"column":5}},"line":805},"67":{"name":"(anonymous_67)","decl":{"start":{"line":820,"column":4},"end":{"line":820,"column":5}},"loc":{"start":{"line":820,"column":22},"end":{"line":829,"column":5}},"line":820},"68":{"name":"(anonymous_68)","decl":{"start":{"line":821,"column":22},"end":{"line":821,"column":23}},"loc":{"start":{"line":821,"column":32},"end":{"line":823,"column":9}},"line":821},"69":{"name":"(anonymous_69)","decl":{"start":{"line":836,"column":4},"end":{"line":836,"column":5}},"loc":{"start":{"line":836,"column":67},"end":{"line":842,"column":5}},"line":836},"70":{"name":"(anonymous_70)","decl":{"start":{"line":847,"column":4},"end":{"line":847,"column":5}},"loc":{"start":{"line":847,"column":23},"end":{"line":849,"column":5}},"line":847},"71":{"name":"(anonymous_71)","decl":{"start":{"line":854,"column":4},"end":{"line":854,"column":5}},"loc":{"start":{"line":854,"column":29},"end":{"line":870,"column":5}},"line":854},"72":{"name":"(anonymous_72)","decl":{"start":{"line":856,"column":39},"end":{"line":856,"column":40}},"loc":{"start":{"line":856,"column":49},"end":{"line":865,"column":9}},"line":856},"73":{"name":"(anonymous_73)","decl":{"start":{"line":877,"column":4},"end":{"line":877,"column":5}},"loc":{"start":{"line":877,"column":57},"end":{"line":930,"column":5}},"line":877},"74":{"name":"(anonymous_74)","decl":{"start":{"line":932,"column":4},"end":{"line":932,"column":5}},"loc":{"start":{"line":932,"column":36},"end":{"line":944,"column":5}},"line":932},"75":{"name":"(anonymous_75)","decl":{"start":{"line":939,"column":16},"end":{"line":939,"column":17}},"loc":{"start":{"line":939,"column":28},"end":{"line":939,"column":43}},"line":939},"76":{"name":"(anonymous_76)","decl":{"start":{"line":939,"column":50},"end":{"line":939,"column":51}},"loc":{"start":{"line":939,"column":63},"end":{"line":941,"column":9}},"line":939},"77":{"name":"(anonymous_77)","decl":{"start":{"line":941,"column":17},"end":{"line":941,"column":18}},"loc":{"start":{"line":941,"column":26},"end":{"line":943,"column":9}},"line":941},"78":{"name":"(anonymous_78)","decl":{"start":{"line":949,"column":5},"end":{"line":949,"column":6}},"loc":{"start":{"line":949,"column":53},"end":{"line":964,"column":5}},"line":949},"79":{"name":"(anonymous_79)","decl":{"start":{"line":955,"column":16},"end":{"line":955,"column":17}},"loc":{"start":{"line":955,"column":28},"end":{"line":955,"column":43}},"line":955},"80":{"name":"(anonymous_80)","decl":{"start":{"line":956,"column":14},"end":{"line":956,"column":15}},"loc":{"start":{"line":956,"column":24},"end":{"line":961,"column":9}},"line":956},"81":{"name":"(anonymous_81)","decl":{"start":{"line":961,"column":17},"end":{"line":961,"column":18}},"loc":{"start":{"line":961,"column":26},"end":{"line":963,"column":9}},"line":961},"82":{"name":"(anonymous_82)","decl":{"start":{"line":968,"column":4},"end":{"line":968,"column":5}},"loc":{"start":{"line":968,"column":33},"end":{"line":979,"column":5}},"line":968},"83":{"name":"(anonymous_83)","decl":{"start":{"line":983,"column":4},"end":{"line":983,"column":5}},"loc":{"start":{"line":983,"column":24},"end":{"line":989,"column":5}},"line":983},"84":{"name":"(anonymous_84)","decl":{"start":{"line":995,"column":4},"end":{"line":995,"column":5}},"loc":{"start":{"line":995,"column":39},"end":{"line":1004,"column":5}},"line":995},"85":{"name":"(anonymous_85)","decl":{"start":{"line":1006,"column":4},"end":{"line":1006,"column":5}},"loc":{"start":{"line":1006,"column":23},"end":{"line":1013,"column":5}},"line":1006},"86":{"name":"(anonymous_86)","decl":{"start":{"line":1018,"column":4},"end":{"line":1018,"column":5}},"loc":{"start":{"line":1018,"column":32},"end":{"line":1027,"column":5}},"line":1018},"87":{"name":"(anonymous_87)","decl":{"start":{"line":1031,"column":4},"end":{"line":1031,"column":5}},"loc":{"start":{"line":1031,"column":37},"end":{"line":1042,"column":5}},"line":1031},"88":{"name":"(anonymous_88)","decl":{"start":{"line":1033,"column":27},"end":{"line":1033,"column":28}},"loc":{"start":{"line":1033,"column":37},"end":{"line":1037,"column":9}},"line":1033},"89":{"name":"(anonymous_89)","decl":{"start":{"line":1051,"column":4},"end":{"line":1051,"column":5}},"loc":{"start":{"line":1051,"column":22},"end":{"line":1057,"column":5}},"line":1051},"90":{"name":"(anonymous_90)","decl":{"start":{"line":1052,"column":19},"end":{"line":1052,"column":20}},"loc":{"start":{"line":1052,"column":24},"end":{"line":1056,"column":9}},"line":1052},"91":{"name":"(anonymous_91)","decl":{"start":{"line":1063,"column":4},"end":{"line":1063,"column":5}},"loc":{"start":{"line":1063,"column":16},"end":{"line":1065,"column":5}},"line":1063},"92":{"name":"(anonymous_92)","decl":{"start":{"line":1071,"column":4},"end":{"line":1071,"column":5}},"loc":{"start":{"line":1071,"column":28},"end":{"line":1074,"column":5}},"line":1071},"93":{"name":"(anonymous_93)","decl":{"start":{"line":1079,"column":4},"end":{"line":1079,"column":5}},"loc":{"start":{"line":1079,"column":27},"end":{"line":1081,"column":5}},"line":1079},"94":{"name":"(anonymous_94)","decl":{"start":{"line":1083,"column":4},"end":{"line":1083,"column":5}},"loc":{"start":{"line":1083,"column":63},"end":{"line":1090,"column":5}},"line":1083},"95":{"name":"(anonymous_95)","decl":{"start":{"line":1095,"column":4},"end":{"line":1095,"column":5}},"loc":{"start":{"line":1095,"column":29},"end":{"line":1106,"column":5}},"line":1095},"96":{"name":"(anonymous_96)","decl":{"start":{"line":1111,"column":4},"end":{"line":1111,"column":5}},"loc":{"start":{"line":1111,"column":25},"end":{"line":1122,"column":5}},"line":1111},"97":{"name":"(anonymous_97)","decl":{"start":{"line":1127,"column":4},"end":{"line":1127,"column":5}},"loc":{"start":{"line":1127,"column":33},"end":{"line":1143,"column":5}},"line":1127},"98":{"name":"(anonymous_98)","decl":{"start":{"line":1130,"column":33},"end":{"line":1130,"column":34}},"loc":{"start":{"line":1130,"column":42},"end":{"line":1140,"column":9}},"line":1130},"99":{"name":"(anonymous_99)","decl":{"start":{"line":1149,"column":4},"end":{"line":1149,"column":5}},"loc":{"start":{"line":1149,"column":56},"end":{"line":1151,"column":5}},"line":1149},"100":{"name":"(anonymous_100)","decl":{"start":{"line":1153,"column":4},"end":{"line":1153,"column":5}},"loc":{"start":{"line":1153,"column":36},"end":{"line":1155,"column":5}},"line":1153},"101":{"name":"(anonymous_101)","decl":{"start":{"line":1157,"column":4},"end":{"line":1157,"column":5}},"loc":{"start":{"line":1157,"column":49},"end":{"line":1159,"column":5}},"line":1157}},"branchMap":{"0":{"loc":{"start":{"line":38,"column":34},"end":{"line":38,"column":63}},"type":"binary-expr","locations":[{"start":{"line":38,"column":34},"end":{"line":38,"column":42}},{"start":{"line":38,"column":46},"end":{"line":38,"column":63}}],"line":38},"1":{"loc":{"start":{"line":39,"column":17},"end":{"line":39,"column":66}},"type":"binary-expr","locations":[{"start":{"line":39,"column":17},"end":{"line":39,"column":23}},{"start":{"line":39,"column":27},"end":{"line":39,"column":66}}],"line":39},"2":{"loc":{"start":{"line":40,"column":8},"end":{"line":42,"column":9}},"type":"if","locations":[{"start":{"line":40,"column":8},"end":{"line":42,"column":9}},{"start":{},"end":{}}],"line":40},"3":{"loc":{"start":{"line":43,"column":79},"end":{"line":43,"column":109}},"type":"binary-expr","locations":[{"start":{"line":43,"column":79},"end":{"line":43,"column":86}},{"start":{"line":43,"column":90},"end":{"line":43,"column":109}}],"line":43},"4":{"loc":{"start":{"line":62,"column":16},"end":{"line":99,"column":5}},"type":"default-arg","locations":[{"start":{"line":62,"column":24},"end":{"line":99,"column":5}}],"line":62},"5":{"loc":{"start":{"line":64,"column":21},"end":{"line":67,"column":9}},"type":"binary-expr","locations":[{"start":{"line":64,"column":21},"end":{"line":64,"column":68}},{"start":{"line":64,"column":72},"end":{"line":67,"column":9}}],"line":64},"6":{"loc":{"start":{"line":68,"column":22},"end":{"line":84,"column":9}},"type":"binary-expr","locations":[{"start":{"line":68,"column":22},"end":{"line":68,"column":70}},{"start":{"line":68,"column":74},"end":{"line":84,"column":9}}],"line":68},"7":{"loc":{"start":{"line":97,"column":22},"end":{"line":98,"column":144}},"type":"binary-expr","locations":[{"start":{"line":97,"column":22},"end":{"line":97,"column":70}},{"start":{"line":98,"column":12},"end":{"line":98,"column":144}}],"line":97},"8":{"loc":{"start":{"line":109,"column":8},"end":{"line":111,"column":9}},"type":"if","locations":[{"start":{"line":109,"column":8},"end":{"line":111,"column":9}},{"start":{},"end":{}}],"line":109},"9":{"loc":{"start":{"line":109,"column":12},"end":{"line":109,"column":43}},"type":"binary-expr","locations":[{"start":{"line":109,"column":12},"end":{"line":109,"column":17}},{"start":{"line":109,"column":21},"end":{"line":109,"column":43}}],"line":109},"10":{"loc":{"start":{"line":112,"column":8},"end":{"line":118,"column":9}},"type":"if","locations":[{"start":{"line":112,"column":8},"end":{"line":118,"column":9}},{"start":{},"end":{}}],"line":112},"11":{"loc":{"start":{"line":112,"column":12},"end":{"line":112,"column":70}},"type":"binary-expr","locations":[{"start":{"line":112,"column":12},"end":{"line":112,"column":31}},{"start":{"line":112,"column":35},"end":{"line":112,"column":70}}],"line":112},"12":{"loc":{"start":{"line":114,"column":12},"end":{"line":116,"column":13}},"type":"if","locations":[{"start":{"line":114,"column":12},"end":{"line":116,"column":13}},{"start":{},"end":{}}],"line":114},"13":{"loc":{"start":{"line":119,"column":8},"end":{"line":125,"column":9}},"type":"if","locations":[{"start":{"line":119,"column":8},"end":{"line":125,"column":9}},{"start":{},"end":{}}],"line":119},"14":{"loc":{"start":{"line":121,"column":12},"end":{"line":123,"column":13}},"type":"if","locations":[{"start":{"line":121,"column":12},"end":{"line":123,"column":13}},{"start":{},"end":{}}],"line":121},"15":{"loc":{"start":{"line":240,"column":22},"end":{"line":240,"column":57}},"type":"binary-expr","locations":[{"start":{"line":240,"column":22},"end":{"line":240,"column":46}},{"start":{"line":240,"column":50},"end":{"line":240,"column":57}}],"line":240},"16":{"loc":{"start":{"line":248,"column":8},"end":{"line":252,"column":9}},"type":"if","locations":[{"start":{"line":248,"column":8},"end":{"line":252,"column":9}},{"start":{},"end":{}}],"line":248},"17":{"loc":{"start":{"line":249,"column":45},"end":{"line":249,"column":96}},"type":"cond-expr","locations":[{"start":{"line":249,"column":71},"end":{"line":249,"column":74}},{"start":{"line":249,"column":77},"end":{"line":249,"column":96}}],"line":249},"18":{"loc":{"start":{"line":260,"column":8},"end":{"line":262,"column":9}},"type":"if","locations":[{"start":{"line":260,"column":8},"end":{"line":262,"column":9}},{"start":{},"end":{}}],"line":260},"19":{"loc":{"start":{"line":264,"column":8},"end":{"line":266,"column":9}},"type":"if","locations":[{"start":{"line":264,"column":8},"end":{"line":266,"column":9}},{"start":{},"end":{}}],"line":264},"20":{"loc":{"start":{"line":265,"column":71},"end":{"line":265,"column":145}},"type":"binary-expr","locations":[{"start":{"line":265,"column":71},"end":{"line":265,"column":79}},{"start":{"line":265,"column":83},"end":{"line":265,"column":145}}],"line":265},"21":{"loc":{"start":{"line":267,"column":9},"end":{"line":267,"column":27}},"type":"binary-expr","locations":[{"start":{"line":267,"column":9},"end":{"line":267,"column":21}},{"start":{"line":267,"column":25},"end":{"line":267,"column":27}}],"line":267},"22":{"loc":{"start":{"line":268,"column":26},"end":{"line":268,"column":69}},"type":"binary-expr","locations":[{"start":{"line":268,"column":26},"end":{"line":268,"column":61}},{"start":{"line":268,"column":65},"end":{"line":268,"column":69}}],"line":268},"23":{"loc":{"start":{"line":269,"column":24},"end":{"line":269,"column":85}},"type":"cond-expr","locations":[{"start":{"line":269,"column":62},"end":{"line":269,"column":68}},{"start":{"line":269,"column":71},"end":{"line":269,"column":85}}],"line":269},"24":{"loc":{"start":{"line":272,"column":27},"end":{"line":272,"column":60}},"type":"cond-expr","locations":[{"start":{"line":272,"column":43},"end":{"line":272,"column":56}},{"start":{"line":272,"column":59},"end":{"line":272,"column":60}}],"line":272},"25":{"loc":{"start":{"line":273,"column":25},"end":{"line":273,"column":81}},"type":"cond-expr","locations":[{"start":{"line":273,"column":40},"end":{"line":273,"column":65}},{"start":{"line":273,"column":68},"end":{"line":273,"column":81}}],"line":273},"26":{"loc":{"start":{"line":282,"column":8},"end":{"line":297,"column":9}},"type":"if","locations":[{"start":{"line":282,"column":8},"end":{"line":297,"column":9}},{"start":{"line":295,"column":15},"end":{"line":297,"column":9}}],"line":282},"27":{"loc":{"start":{"line":282,"column":12},"end":{"line":282,"column":107}},"type":"binary-expr","locations":[{"start":{"line":282,"column":12},"end":{"line":282,"column":31}},{"start":{"line":282,"column":35},"end":{"line":282,"column":107}}],"line":282},"28":{"loc":{"start":{"line":352,"column":12},"end":{"line":360,"column":13}},"type":"if","locations":[{"start":{"line":352,"column":12},"end":{"line":360,"column":13}},{"start":{"line":358,"column":19},"end":{"line":360,"column":13}}],"line":352},"29":{"loc":{"start":{"line":355,"column":53},"end":{"line":357,"column":34}},"type":"cond-expr","locations":[{"start":{"line":356,"column":16},"end":{"line":356,"column":74}},{"start":{"line":357,"column":16},"end":{"line":357,"column":34}}],"line":355},"30":{"loc":{"start":{"line":368,"column":8},"end":{"line":380,"column":9}},"type":"switch","locations":[{"start":{"line":369,"column":12},"end":{"line":371,"column":22}},{"start":{"line":372,"column":12},"end":{"line":374,"column":22}},{"start":{"line":375,"column":12},"end":{"line":377,"column":22}},{"start":{"line":378,"column":12},"end":{"line":379,"column":82}}],"line":368},"31":{"loc":{"start":{"line":424,"column":8},"end":{"line":426,"column":9}},"type":"if","locations":[{"start":{"line":424,"column":8},"end":{"line":426,"column":9}},{"start":{},"end":{}}],"line":424},"32":{"loc":{"start":{"line":427,"column":8},"end":{"line":455,"column":9}},"type":"switch","locations":[{"start":{"line":428,"column":12},"end":{"line":428,"column":24}},{"start":{"line":429,"column":12},"end":{"line":433,"column":18}},{"start":{"line":434,"column":12},"end":{"line":438,"column":18}},{"start":{"line":439,"column":12},"end":{"line":443,"column":18}},{"start":{"line":444,"column":12},"end":{"line":444,"column":34}},{"start":{"line":445,"column":12},"end":{"line":449,"column":18}},{"start":{"line":450,"column":12},"end":{"line":454,"column":18}}],"line":427},"33":{"loc":{"start":{"line":430,"column":16},"end":{"line":432,"column":17}},"type":"if","locations":[{"start":{"line":430,"column":16},"end":{"line":432,"column":17}},{"start":{},"end":{}}],"line":430},"34":{"loc":{"start":{"line":435,"column":16},"end":{"line":437,"column":17}},"type":"if","locations":[{"start":{"line":435,"column":16},"end":{"line":437,"column":17}},{"start":{},"end":{}}],"line":435},"35":{"loc":{"start":{"line":440,"column":16},"end":{"line":442,"column":17}},"type":"if","locations":[{"start":{"line":440,"column":16},"end":{"line":442,"column":17}},{"start":{},"end":{}}],"line":440},"36":{"loc":{"start":{"line":446,"column":16},"end":{"line":448,"column":17}},"type":"if","locations":[{"start":{"line":446,"column":16},"end":{"line":448,"column":17}},{"start":{},"end":{}}],"line":446},"37":{"loc":{"start":{"line":451,"column":16},"end":{"line":453,"column":17}},"type":"if","locations":[{"start":{"line":451,"column":16},"end":{"line":453,"column":17}},{"start":{},"end":{}}],"line":451},"38":{"loc":{"start":{"line":451,"column":20},"end":{"line":451,"column":113}},"type":"binary-expr","locations":[{"start":{"line":451,"column":20},"end":{"line":451,"column":66}},{"start":{"line":451,"column":70},"end":{"line":451,"column":113}}],"line":451},"39":{"loc":{"start":{"line":457,"column":8},"end":{"line":459,"column":9}},"type":"if","locations":[{"start":{"line":457,"column":8},"end":{"line":459,"column":9}},{"start":{},"end":{}}],"line":457},"40":{"loc":{"start":{"line":478,"column":8},"end":{"line":480,"column":9}},"type":"if","locations":[{"start":{"line":478,"column":8},"end":{"line":480,"column":9}},{"start":{},"end":{}}],"line":478},"41":{"loc":{"start":{"line":481,"column":19},"end":{"line":481,"column":50}},"type":"binary-expr","locations":[{"start":{"line":481,"column":19},"end":{"line":481,"column":27}},{"start":{"line":481,"column":31},"end":{"line":481,"column":50}}],"line":481},"42":{"loc":{"start":{"line":489,"column":8},"end":{"line":491,"column":9}},"type":"if","locations":[{"start":{"line":489,"column":8},"end":{"line":491,"column":9}},{"start":{},"end":{}}],"line":489},"43":{"loc":{"start":{"line":489,"column":12},"end":{"line":489,"column":56}},"type":"binary-expr","locations":[{"start":{"line":489,"column":12},"end":{"line":489,"column":37}},{"start":{"line":489,"column":41},"end":{"line":489,"column":56}}],"line":489},"44":{"loc":{"start":{"line":501,"column":19},"end":{"line":501,"column":50}},"type":"binary-expr","locations":[{"start":{"line":501,"column":19},"end":{"line":501,"column":27}},{"start":{"line":501,"column":31},"end":{"line":501,"column":50}}],"line":501},"45":{"loc":{"start":{"line":503,"column":8},"end":{"line":507,"column":9}},"type":"if","locations":[{"start":{"line":503,"column":8},"end":{"line":507,"column":9}},{"start":{},"end":{}}],"line":503},"46":{"loc":{"start":{"line":568,"column":28},"end":{"line":568,"column":81}},"type":"binary-expr","locations":[{"start":{"line":568,"column":28},"end":{"line":568,"column":75}},{"start":{"line":568,"column":79},"end":{"line":568,"column":81}}],"line":568},"47":{"loc":{"start":{"line":580,"column":8},"end":{"line":582,"column":9}},"type":"if","locations":[{"start":{"line":580,"column":8},"end":{"line":582,"column":9}},{"start":{},"end":{}}],"line":580},"48":{"loc":{"start":{"line":581,"column":19},"end":{"line":581,"column":91}},"type":"binary-expr","locations":[{"start":{"line":581,"column":19},"end":{"line":581,"column":41}},{"start":{"line":581,"column":45},"end":{"line":581,"column":91}}],"line":581},"49":{"loc":{"start":{"line":634,"column":8},"end":{"line":646,"column":9}},"type":"if","locations":[{"start":{"line":634,"column":8},"end":{"line":646,"column":9}},{"start":{},"end":{}}],"line":634},"50":{"loc":{"start":{"line":636,"column":26},"end":{"line":638,"column":77}},"type":"cond-expr","locations":[{"start":{"line":638,"column":16},"end":{"line":638,"column":44}},{"start":{"line":638,"column":47},"end":{"line":638,"column":77}}],"line":636},"51":{"loc":{"start":{"line":636,"column":26},"end":{"line":637,"column":69}},"type":"binary-expr","locations":[{"start":{"line":636,"column":26},"end":{"line":636,"column":108}},{"start":{"line":637,"column":16},"end":{"line":637,"column":69}}],"line":636},"52":{"loc":{"start":{"line":668,"column":8},"end":{"line":672,"column":9}},"type":"if","locations":[{"start":{"line":668,"column":8},"end":{"line":672,"column":9}},{"start":{},"end":{}}],"line":668},"53":{"loc":{"start":{"line":739,"column":8},"end":{"line":741,"column":9}},"type":"if","locations":[{"start":{"line":739,"column":8},"end":{"line":741,"column":9}},{"start":{},"end":{}}],"line":739},"54":{"loc":{"start":{"line":744,"column":48},"end":{"line":744,"column":133}},"type":"cond-expr","locations":[{"start":{"line":744,"column":102},"end":{"line":744,"column":117}},{"start":{"line":744,"column":120},"end":{"line":744,"column":133}}],"line":744},"55":{"loc":{"start":{"line":748,"column":19},"end":{"line":748,"column":160}},"type":"cond-expr","locations":[{"start":{"line":748,"column":99},"end":{"line":748,"column":129}},{"start":{"line":748,"column":132},"end":{"line":748,"column":160}}],"line":748},"56":{"loc":{"start":{"line":759,"column":8},"end":{"line":761,"column":9}},"type":"if","locations":[{"start":{"line":759,"column":8},"end":{"line":761,"column":9}},{"start":{},"end":{}}],"line":759},"57":{"loc":{"start":{"line":857,"column":12},"end":{"line":864,"column":13}},"type":"if","locations":[{"start":{"line":857,"column":12},"end":{"line":864,"column":13}},{"start":{},"end":{}}],"line":857},"58":{"loc":{"start":{"line":878,"column":8},"end":{"line":882,"column":9}},"type":"if","locations":[{"start":{"line":878,"column":8},"end":{"line":882,"column":9}},{"start":{},"end":{}}],"line":878},"59":{"loc":{"start":{"line":878,"column":12},"end":{"line":878,"column":84}},"type":"binary-expr","locations":[{"start":{"line":878,"column":12},"end":{"line":878,"column":34}},{"start":{"line":878,"column":38},"end":{"line":878,"column":84}}],"line":878},"60":{"loc":{"start":{"line":885,"column":8},"end":{"line":889,"column":9}},"type":"if","locations":[{"start":{"line":885,"column":8},"end":{"line":889,"column":9}},{"start":{"line":887,"column":15},"end":{"line":889,"column":9}}],"line":885},"61":{"loc":{"start":{"line":885,"column":12},"end":{"line":885,"column":75}},"type":"binary-expr","locations":[{"start":{"line":885,"column":12},"end":{"line":885,"column":25}},{"start":{"line":885,"column":29},"end":{"line":885,"column":75}}],"line":885},"62":{"loc":{"start":{"line":887,"column":15},"end":{"line":889,"column":9}},"type":"if","locations":[{"start":{"line":887,"column":15},"end":{"line":889,"column":9}},{"start":{},"end":{}}],"line":887},"63":{"loc":{"start":{"line":893,"column":8},"end":{"line":896,"column":9}},"type":"if","locations":[{"start":{"line":893,"column":8},"end":{"line":896,"column":9}},{"start":{},"end":{}}],"line":893},"64":{"loc":{"start":{"line":895,"column":25},"end":{"line":895,"column":77}},"type":"binary-expr","locations":[{"start":{"line":895,"column":25},"end":{"line":895,"column":49}},{"start":{"line":895,"column":53},"end":{"line":895,"column":77}}],"line":895},"65":{"loc":{"start":{"line":897,"column":8},"end":{"line":899,"column":9}},"type":"if","locations":[{"start":{"line":897,"column":8},"end":{"line":899,"column":9}},{"start":{},"end":{}}],"line":897},"66":{"loc":{"start":{"line":901,"column":8},"end":{"line":911,"column":9}},"type":"if","locations":[{"start":{"line":901,"column":8},"end":{"line":911,"column":9}},{"start":{},"end":{}}],"line":901},"67":{"loc":{"start":{"line":927,"column":33},"end":{"line":927,"column":107}},"type":"binary-expr","locations":[{"start":{"line":927,"column":33},"end":{"line":927,"column":58}},{"start":{"line":927,"column":62},"end":{"line":927,"column":107}}],"line":927},"68":{"loc":{"start":{"line":950,"column":85},"end":{"line":950,"column":136}},"type":"cond-expr","locations":[{"start":{"line":950,"column":100},"end":{"line":950,"column":131}},{"start":{"line":950,"column":134},"end":{"line":950,"column":136}}],"line":950},"69":{"loc":{"start":{"line":957,"column":12},"end":{"line":959,"column":13}},"type":"if","locations":[{"start":{"line":957,"column":12},"end":{"line":959,"column":13}},{"start":{},"end":{}}],"line":957},"70":{"loc":{"start":{"line":976,"column":33},"end":{"line":976,"column":95}},"type":"binary-expr","locations":[{"start":{"line":976,"column":33},"end":{"line":976,"column":52}},{"start":{"line":976,"column":56},"end":{"line":976,"column":95}}],"line":976},"71":{"loc":{"start":{"line":1053,"column":12},"end":{"line":1055,"column":13}},"type":"if","locations":[{"start":{"line":1053,"column":12},"end":{"line":1055,"column":13}},{"start":{},"end":{}}],"line":1053},"72":{"loc":{"start":{"line":1133,"column":12},"end":{"line":1135,"column":13}},"type":"if","locations":[{"start":{"line":1133,"column":12},"end":{"line":1135,"column":13}},{"start":{},"end":{}}],"line":1133},"73":{"loc":{"start":{"line":1136,"column":12},"end":{"line":1138,"column":13}},"type":"if","locations":[{"start":{"line":1136,"column":12},"end":{"line":1138,"column":13}},{"start":{},"end":{}}],"line":1136}},"s":{"0":66,"1":66,"2":66,"3":66,"4":66,"5":66,"6":58,"7":66,"8":8,"9":7,"10":81,"11":3,"12":78,"13":73,"14":98,"15":73,"16":5,"17":68,"18":5,"19":4,"20":4,"21":1,"22":3,"23":1,"24":108,"25":108,"26":2,"27":2,"28":2,"29":4,"30":4,"31":4,"32":8,"33":8,"34":0,"35":8,"36":8,"37":2,"38":2,"39":2,"40":2,"41":2,"42":1,"43":1,"44":1,"45":1,"46":1,"47":1,"48":1,"49":1,"50":1,"51":1,"52":1,"53":1,"54":1,"55":1,"56":1,"57":1,"58":1,"59":1,"60":1,"61":1,"62":0,"63":0,"64":7,"65":7,"66":2,"67":2,"68":183,"69":2,"70":2,"71":2,"72":2,"73":181,"74":11,"75":1,"76":10,"77":10,"78":2,"79":6,"80":26,"81":10,"82":6,"83":6,"84":6,"85":12,"86":10,"87":10,"88":10,"89":20,"90":20,"91":4,"92":4,"93":4,"94":4,"95":4,"96":1,"97":16,"98":20,"99":21,"100":21,"101":21,"102":21,"103":21,"104":20,"105":20,"106":8,"107":3,"108":3,"109":3,"110":3,"111":3,"112":0,"113":3,"114":0,"115":3,"116":0,"117":3,"118":3,"119":3,"120":3,"121":2,"122":2,"123":2,"124":1,"125":4,"126":1,"127":1,"128":1,"129":1,"130":1,"131":1,"132":1,"133":1,"134":1,"135":1,"136":1,"137":1,"138":1,"139":143,"140":143,"141":3,"142":140,"143":4,"144":2,"145":2,"146":2,"147":1,"148":1,"149":3,"150":1,"151":2,"152":4,"153":2,"154":2,"155":2,"156":1,"157":1,"158":133,"159":132,"160":1,"161":1,"162":2,"163":2,"164":7,"165":1,"166":6,"167":6,"168":6,"169":6,"170":6,"171":6,"172":6,"173":1,"174":6,"175":6,"176":54,"177":54,"178":54,"179":1,"180":1,"181":1,"182":53,"183":53,"184":53,"185":52,"186":52,"187":52,"188":52,"189":52,"190":52,"191":7,"192":7,"193":7,"194":140,"195":7,"196":7,"197":140,"198":7,"199":7,"200":140,"201":7,"202":7,"203":140,"204":7,"205":7,"206":140,"207":7,"208":9,"209":9,"210":1,"211":1,"212":1,"213":1,"214":1,"215":9,"216":94,"217":87,"218":7,"219":1,"220":1,"221":1,"222":2,"223":2,"224":2,"225":4,"226":4,"227":3,"228":2,"229":2,"230":2,"231":2,"232":2,"233":2,"234":2,"235":2,"236":3,"237":2,"238":2,"239":2,"240":2,"241":8,"242":8,"243":8,"244":7,"245":7,"246":7,"247":8,"248":2,"249":2,"250":2,"251":2,"252":2,"253":2,"254":1,"255":1,"256":1,"257":1,"258":2,"259":2,"260":2,"261":2,"262":2,"263":2,"264":7,"265":1,"266":6,"267":6,"268":6,"269":1,"270":1,"271":1,"272":2,"273":2,"274":2,"275":2,"276":2,"277":2,"278":9,"279":9,"280":3,"281":8,"282":8,"283":8,"284":8,"285":2,"286":2,"287":2,"288":2,"289":2,"290":2,"291":2,"292":2,"293":2,"294":2,"295":2,"296":1,"297":11,"298":11,"299":10,"300":10,"301":11,"302":11,"303":10,"304":1,"305":1,"306":1,"307":9,"308":9,"309":1,"310":8,"311":8,"312":9,"313":9,"314":9,"315":1,"316":1,"317":9,"318":4,"319":9,"320":1,"321":1,"322":1,"323":1,"324":8,"325":8,"326":8,"327":8,"328":8,"329":8,"330":8,"331":8,"332":8,"333":8,"334":8,"335":8,"336":1,"337":1,"338":1,"339":0,"340":62,"341":62,"342":61,"343":61,"344":1,"345":61,"346":1,"347":1,"348":1,"349":1,"350":1,"351":1,"352":1,"353":1,"354":1,"355":1,"356":1,"357":4,"358":4,"359":4,"360":4,"361":4,"362":4,"363":4,"364":4,"365":1,"366":1,"367":1,"368":1,"369":1,"370":1,"371":1,"372":1,"373":1,"374":1,"375":1,"376":1,"377":1,"378":1,"379":4,"380":4,"381":5,"382":5,"383":5,"384":4,"385":4,"386":4,"387":4,"388":13,"389":4,"390":3,"391":1,"392":1,"393":1,"394":1,"395":2,"396":3,"397":3,"398":3,"399":3,"400":3,"401":1,"402":1,"403":1,"404":1,"405":1,"406":3,"407":3,"408":3,"409":3,"410":2,"411":3,"412":2,"413":3,"414":3,"415":3,"416":0,"417":1,"418":1},"f":{"0":66,"1":8,"2":7,"3":81,"4":98,"5":108,"6":2,"7":4,"8":8,"9":2,"10":2,"11":1,"12":1,"13":1,"14":0,"15":7,"16":2,"17":183,"18":2,"19":11,"20":6,"21":26,"22":6,"23":12,"24":20,"25":21,"26":8,"27":3,"28":0,"29":0,"30":0,"31":3,"32":3,"33":4,"34":1,"35":1,"36":1,"37":143,"38":1,"39":2,"40":2,"41":7,"42":54,"43":52,"44":7,"45":9,"46":1,"47":94,"48":1,"49":1,"50":1,"51":2,"52":4,"53":2,"54":8,"55":2,"56":2,"57":1,"58":1,"59":2,"60":2,"61":7,"62":1,"63":2,"64":9,"65":8,"66":2,"67":2,"68":2,"69":2,"70":1,"71":11,"72":10,"73":10,"74":1,"75":1,"76":1,"77":0,"78":62,"79":61,"80":61,"81":1,"82":1,"83":1,"84":4,"85":1,"86":1,"87":4,"88":5,"89":13,"90":4,"91":1,"92":1,"93":1,"94":2,"95":3,"96":1,"97":3,"98":3,"99":0,"100":1,"101":1},"b":{"0":[66,66],"1":[66,66],"2":[58,8],"3":[66,66],"4":[7],"5":[7,2],"6":[7,2],"7":[7,7],"8":[3,78],"9":[81,80],"10":[73,5],"11":[78,73],"12":[5,68],"13":[4,1],"14":[1,3],"15":[2,2],"16":[2,181],"17":[1,1],"18":[1,10],"19":[2,8],"20":[26,12],"21":[10,4],"22":[6,1],"23":[5,1],"24":[2,8],"25":[3,7],"26":[4,16],"27":[20,20],"28":[2,1],"29":[1,1],"30":[1,1,1,1],"31":[3,140],"32":[4,4,2,3,4,4,2],"33":[2,2],"34":[1,1],"35":[1,2],"36":[2,2],"37":[1,1],"38":[2,1],"39":[132,1],"40":[1,6],"41":[6,2],"42":[1,5],"43":[6,5],"44":[54,1],"45":[1,53],"46":[9,2],"47":[87,7],"48":[87,87],"49":[3,1],"50":[1,1],"51":[2,1],"52":[7,1],"53":[1,6],"54":[0,6],"55":[6,0],"56":[1,0],"57":[10,0],"58":[1,9],"59":[10,10],"60":[1,8],"61":[9,9],"62":[8,0],"63":[1,8],"64":[1,0],"65":[4,5],"66":[1,8],"67":[8,8],"68":[9,53],"69":[1,60],"70":[1,1],"71":[3,1],"72":[2,1],"73":[2,1]},"_coverageSchema":"1a1c01bbd47fc00a2c39e90264f33305004495a9","hash":"526e0ab188d6473cb83a05001c0cfb39a581e50c"}
}
