TN:
SF:src/main/connector.js
FN:24,(anonymous_0)
FN:32,(anonymous_1)
FN:39,(anonymous_2)
FN:46,(anonymous_3)
FN:53,(anonymous_4)
FN:63,(anonymous_5)
FN:69,(anonymous_6)
FN:75,(anonymous_7)
FN:82,(anonymous_8)
FN:90,(anonymous_9)
FN:97,(anonymous_10)
FN:104,(anonymous_11)
FN:112,(anonymous_12)
FN:119,(anonymous_13)
FN:128,(anonymous_14)
FN:135,(anonymous_15)
FN:143,(anonymous_16)
FN:150,(anonymous_17)
FN:158,(anonymous_18)
FN:164,(anonymous_19)
FN:172,(anonymous_20)
FN:179,(anonymous_21)
FN:186,(anonymous_22)
FN:193,(anonymous_23)
FN:200,(anonymous_24)
FN:207,(anonymous_25)
FN:215,(anonymous_26)
FN:228,(anonymous_27)
FN:232,(anonymous_28)
FN:237,(anonymous_29)
FN:242,(anonymous_30)
FNF:31
FNH:31
FNDA:7,(anonymous_0)
FNDA:3,(anonymous_1)
FNDA:2,(anonymous_2)
FNDA:4,(anonymous_3)
FNDA:2,(anonymous_4)
FNDA:7,(anonymous_5)
FNDA:1,(anonymous_6)
FNDA:1,(anonymous_7)
FNDA:1,(anonymous_8)
FNDA:1,(anonymous_9)
FNDA:1,(anonymous_10)
FNDA:1,(anonymous_11)
FNDA:1,(anonymous_12)
FNDA:1,(anonymous_13)
FNDA:2,(anonymous_14)
FNDA:2,(anonymous_15)
FNDA:1,(anonymous_16)
FNDA:11,(anonymous_17)
FNDA:9,(anonymous_18)
FNDA:1,(anonymous_19)
FNDA:1,(anonymous_20)
FNDA:1,(anonymous_21)
FNDA:2,(anonymous_22)
FNDA:1,(anonymous_23)
FNDA:1,(anonymous_24)
FNDA:2,(anonymous_25)
FNDA:1,(anonymous_26)
FNDA:2,(anonymous_27)
FNDA:7,(anonymous_28)
FNDA:1,(anonymous_29)
FNDA:1,(anonymous_30)
DA:25,7
DA:26,7
DA:33,3
DA:40,2
DA:47,4
DA:55,2
DA:64,7
DA:70,1
DA:76,1
DA:83,1
DA:91,1
DA:98,1
DA:105,1
DA:113,1
DA:120,1
DA:129,2
DA:136,2
DA:144,1
DA:151,11
DA:159,9
DA:165,1
DA:173,1
DA:174,1
DA:180,1
DA:187,2
DA:194,1
DA:201,1
DA:208,2
DA:216,1
DA:218,1
DA:229,2
DA:233,7
DA:234,7
DA:238,1
DA:239,1
DA:243,1
DA:244,1
LF:37
LH:37
BRDA:55,0,0,1
BRDA:55,0,1,1
BRF:2
BRH:2
end_of_record
TN:
SF:src/main/vendor-sdk.js
FN:34,(anonymous_0)
FN:49,(anonymous_1)
FN:62,(anonymous_2)
FN:108,(anonymous_3)
FN:113,(anonymous_4)
FN:131,(anonymous_5)
FN:140,(anonymous_6)
FN:148,(anonymous_7)
FN:156,(anonymous_8)
FN:170,(anonymous_9)
FN:175,(anonymous_10)
FN:186,(anonymous_11)
FN:191,(anonymous_12)
FN:199,(anonymous_13)
FN:221,(anonymous_14)
FN:229,(anonymous_15)
FN:237,(anonymous_16)
FN:247,(anonymous_17)
FN:249,(anonymous_18)
FN:259,(anonymous_19)
FN:265,(anonymous_20)
FN:265,(anonymous_21)
FN:267,(anonymous_22)
FN:270,(anonymous_23)
FN:280,(anonymous_24)
FN:298,(anonymous_25)
FN:312,(anonymous_26)
FN:320,(anonymous_27)
FN:326,(anonymous_28)
FN:330,(anonymous_29)
FN:334,(anonymous_30)
FN:350,(anonymous_31)
FN:351,(anonymous_32)
FN:367,(anonymous_33)
FN:383,(anonymous_34)
FN:399,(anonymous_35)
FN:409,(anonymous_36)
FN:422,(anonymous_37)
FN:461,(anonymous_38)
FN:466,(anonymous_39)
FN:467,(anonymous_40)
FN:477,(anonymous_41)
FN:500,(anonymous_42)
FN:510,(anonymous_43)
FN:522,(anonymous_44)
FN:567,(anonymous_45)
FN:569,(anonymous_46)
FN:579,(anonymous_47)
FN:583,(anonymous_48)
FN:589,(anonymous_49)
FN:599,(anonymous_50)
FN:622,(anonymous_51)
FN:632,(anonymous_52)
FN:654,(anonymous_53)
FN:665,(anonymous_54)
FN:678,(anonymous_55)
FN:686,(anonymous_56)
FN:695,(anonymous_57)
FN:708,(anonymous_58)
FN:720,(anonymous_59)
FN:729,(anonymous_60)
FN:738,(anonymous_61)
FN:757,(anonymous_62)
FN:769,(anonymous_63)
FN:783,(anonymous_64)
FN:794,(anonymous_65)
FN:805,(anonymous_66)
FN:820,(anonymous_67)
FN:821,(anonymous_68)
FN:836,(anonymous_69)
FN:847,(anonymous_70)
FN:854,(anonymous_71)
FN:856,(anonymous_72)
FN:877,(anonymous_73)
FN:932,(anonymous_74)
FN:939,(anonymous_75)
FN:939,(anonymous_76)
FN:941,(anonymous_77)
FN:949,(anonymous_78)
FN:955,(anonymous_79)
FN:956,(anonymous_80)
FN:961,(anonymous_81)
FN:968,(anonymous_82)
FN:983,(anonymous_83)
FN:995,(anonymous_84)
FN:1006,(anonymous_85)
FN:1018,(anonymous_86)
FN:1031,(anonymous_87)
FN:1033,(anonymous_88)
FN:1051,(anonymous_89)
FN:1052,(anonymous_90)
FN:1063,(anonymous_91)
FN:1071,(anonymous_92)
FN:1079,(anonymous_93)
FN:1083,(anonymous_94)
FN:1095,(anonymous_95)
FN:1111,(anonymous_96)
FN:1127,(anonymous_97)
FN:1130,(anonymous_98)
FN:1149,(anonymous_99)
FN:1153,(anonymous_100)
FN:1157,(anonymous_101)
FNF:102
FNH:96
FNDA:66,(anonymous_0)
FNDA:8,(anonymous_1)
FNDA:7,(anonymous_2)
FNDA:81,(anonymous_3)
FNDA:98,(anonymous_4)
FNDA:108,(anonymous_5)
FNDA:2,(anonymous_6)
FNDA:4,(anonymous_7)
FNDA:8,(anonymous_8)
FNDA:2,(anonymous_9)
FNDA:2,(anonymous_10)
FNDA:1,(anonymous_11)
FNDA:1,(anonymous_12)
FNDA:1,(anonymous_13)
FNDA:0,(anonymous_14)
FNDA:7,(anonymous_15)
FNDA:2,(anonymous_16)
FNDA:183,(anonymous_17)
FNDA:2,(anonymous_18)
FNDA:11,(anonymous_19)
FNDA:6,(anonymous_20)
FNDA:26,(anonymous_21)
FNDA:6,(anonymous_22)
FNDA:12,(anonymous_23)
FNDA:20,(anonymous_24)
FNDA:21,(anonymous_25)
FNDA:8,(anonymous_26)
FNDA:3,(anonymous_27)
FNDA:0,(anonymous_28)
FNDA:0,(anonymous_29)
FNDA:0,(anonymous_30)
FNDA:3,(anonymous_31)
FNDA:3,(anonymous_32)
FNDA:4,(anonymous_33)
FNDA:1,(anonymous_34)
FNDA:1,(anonymous_35)
FNDA:1,(anonymous_36)
FNDA:143,(anonymous_37)
FNDA:1,(anonymous_38)
FNDA:2,(anonymous_39)
FNDA:2,(anonymous_40)
FNDA:7,(anonymous_41)
FNDA:54,(anonymous_42)
FNDA:52,(anonymous_43)
FNDA:7,(anonymous_44)
FNDA:9,(anonymous_45)
FNDA:1,(anonymous_46)
FNDA:94,(anonymous_47)
FNDA:1,(anonymous_48)
FNDA:1,(anonymous_49)
FNDA:1,(anonymous_50)
FNDA:2,(anonymous_51)
FNDA:4,(anonymous_52)
FNDA:2,(anonymous_53)
FNDA:8,(anonymous_54)
FNDA:2,(anonymous_55)
FNDA:2,(anonymous_56)
FNDA:1,(anonymous_57)
FNDA:1,(anonymous_58)
FNDA:2,(anonymous_59)
FNDA:2,(anonymous_60)
FNDA:7,(anonymous_61)
FNDA:1,(anonymous_62)
FNDA:2,(anonymous_63)
FNDA:9,(anonymous_64)
FNDA:8,(anonymous_65)
FNDA:2,(anonymous_66)
FNDA:2,(anonymous_67)
FNDA:2,(anonymous_68)
FNDA:2,(anonymous_69)
FNDA:1,(anonymous_70)
FNDA:11,(anonymous_71)
FNDA:10,(anonymous_72)
FNDA:10,(anonymous_73)
FNDA:1,(anonymous_74)
FNDA:1,(anonymous_75)
FNDA:1,(anonymous_76)
FNDA:0,(anonymous_77)
FNDA:62,(anonymous_78)
FNDA:61,(anonymous_79)
FNDA:61,(anonymous_80)
FNDA:1,(anonymous_81)
FNDA:1,(anonymous_82)
FNDA:1,(anonymous_83)
FNDA:4,(anonymous_84)
FNDA:1,(anonymous_85)
FNDA:1,(anonymous_86)
FNDA:4,(anonymous_87)
FNDA:5,(anonymous_88)
FNDA:13,(anonymous_89)
FNDA:4,(anonymous_90)
FNDA:1,(anonymous_91)
FNDA:1,(anonymous_92)
FNDA:1,(anonymous_93)
FNDA:2,(anonymous_94)
FNDA:3,(anonymous_95)
FNDA:1,(anonymous_96)
FNDA:3,(anonymous_97)
FNDA:3,(anonymous_98)
FNDA:0,(anonymous_99)
FNDA:1,(anonymous_100)
FNDA:1,(anonymous_101)
DA:35,66
DA:36,66
DA:37,66
DA:38,66
DA:39,66
DA:40,66
DA:41,58
DA:43,66
DA:50,8
DA:100,7
DA:109,81
DA:110,3
DA:112,78
DA:113,98
DA:114,73
DA:115,5
DA:117,68
DA:119,5
DA:120,4
DA:121,4
DA:122,1
DA:124,3
DA:126,1
DA:132,108
DA:133,108
DA:141,2
DA:142,2
DA:143,2
DA:149,4
DA:150,4
DA:151,4
DA:158,8
DA:159,8
DA:161,0
DA:163,8
DA:164,8
DA:171,2
DA:172,2
DA:176,2
DA:177,2
DA:178,2
DA:187,1
DA:188,1
DA:192,1
DA:193,1
DA:200,1
DA:201,1
DA:202,1
DA:203,1
DA:204,1
DA:205,1
DA:206,1
DA:207,1
DA:208,1
DA:209,1
DA:210,1
DA:211,1
DA:212,1
DA:213,1
DA:214,1
DA:215,1
DA:222,0
DA:223,0
DA:230,7
DA:231,7
DA:238,2
DA:239,2
DA:248,183
DA:249,2
DA:250,2
DA:251,2
DA:253,181
DA:260,11
DA:261,1
DA:263,10
DA:264,10
DA:265,26
DA:267,10
DA:268,6
DA:269,6
DA:270,12
DA:272,10
DA:273,10
DA:274,10
DA:281,20
DA:282,20
DA:283,4
DA:284,4
DA:285,4
DA:289,4
DA:290,4
DA:291,1
DA:296,16
DA:298,20
DA:299,21
DA:300,21
DA:301,21
DA:302,21
DA:303,21
DA:305,20
DA:306,20
DA:313,8
DA:321,3
DA:322,3
DA:323,3
DA:324,3
DA:326,3
DA:327,0
DA:330,3
DA:331,0
DA:334,3
DA:335,0
DA:338,3
DA:344,3
DA:350,3
DA:352,3
DA:353,2
DA:354,2
DA:355,2
DA:359,1
DA:368,4
DA:370,1
DA:371,1
DA:373,1
DA:374,1
DA:376,1
DA:377,1
DA:379,1
DA:384,1
DA:391,1
DA:392,1
DA:393,1
DA:400,1
DA:410,1
DA:423,143
DA:424,143
DA:425,3
DA:427,140
DA:430,4
DA:431,2
DA:433,2
DA:435,2
DA:436,1
DA:438,1
DA:440,3
DA:441,1
DA:443,2
DA:446,4
DA:447,2
DA:449,2
DA:451,2
DA:452,1
DA:454,1
DA:457,133
DA:458,132
DA:461,1
DA:462,1
DA:467,2
DA:468,2
DA:478,7
DA:479,1
DA:481,6
DA:482,6
DA:483,6
DA:484,6
DA:485,6
DA:486,6
DA:489,6
DA:490,1
DA:492,6
DA:493,6
DA:501,54
DA:502,54
DA:503,54
DA:504,1
DA:505,1
DA:506,1
DA:508,53
DA:509,53
DA:510,53
DA:511,52
DA:512,52
DA:513,52
DA:514,52
DA:517,52
DA:518,52
DA:523,7
DA:524,7
DA:525,140
DA:532,7
DA:533,140
DA:540,7
DA:541,140
DA:548,7
DA:549,140
DA:556,7
DA:557,140
DA:564,7
DA:568,9
DA:569,9
DA:570,1
DA:571,1
DA:572,1
DA:573,1
DA:574,1
DA:576,9
DA:580,94
DA:581,87
DA:583,7
DA:590,1
DA:600,1
DA:623,2
DA:624,2
DA:625,2
DA:633,4
DA:634,4
DA:635,3
DA:636,2
DA:639,2
DA:640,2
DA:641,2
DA:642,2
DA:643,2
DA:644,2
DA:645,2
DA:647,3
DA:655,2
DA:656,2
DA:657,2
DA:658,2
DA:666,8
DA:667,8
DA:668,8
DA:669,7
DA:670,7
DA:671,7
DA:673,8
DA:679,2
DA:680,2
DA:681,2
DA:687,2
DA:688,2
DA:689,2
DA:696,1
DA:697,1
DA:709,1
DA:710,1
DA:721,2
DA:722,2
DA:723,2
DA:730,2
DA:731,2
DA:732,2
DA:739,7
DA:740,1
DA:742,6
DA:750,6
DA:751,6
DA:759,1
DA:760,1
DA:762,1
DA:770,2
DA:771,2
DA:772,2
DA:773,2
DA:774,2
DA:775,2
DA:784,9
DA:785,9
DA:787,3
DA:795,8
DA:796,8
DA:797,8
DA:798,8
DA:806,2
DA:807,2
DA:808,2
DA:809,2
DA:810,2
DA:821,2
DA:822,2
DA:825,2
DA:837,2
DA:838,2
DA:839,2
DA:848,1
DA:855,11
DA:856,11
DA:857,10
DA:858,10
DA:866,11
DA:867,11
DA:878,10
DA:879,1
DA:880,1
DA:881,1
DA:883,9
DA:885,9
DA:886,1
DA:887,8
DA:888,8
DA:891,9
DA:892,9
DA:893,9
DA:894,1
DA:895,1
DA:897,9
DA:898,4
DA:901,9
DA:902,1
DA:903,1
DA:904,1
DA:905,1
DA:913,8
DA:914,8
DA:915,8
DA:916,8
DA:917,8
DA:918,8
DA:919,8
DA:920,8
DA:921,8
DA:922,8
DA:923,8
DA:924,8
DA:933,1
DA:939,1
DA:940,1
DA:942,0
DA:950,62
DA:951,62
DA:955,61
DA:957,61
DA:958,1
DA:960,61
DA:962,1
DA:969,1
DA:970,1
DA:971,1
DA:972,1
DA:973,1
DA:984,1
DA:985,1
DA:986,1
DA:987,1
DA:988,1
DA:996,4
DA:997,4
DA:998,4
DA:999,4
DA:1000,4
DA:1001,4
DA:1002,4
DA:1003,4
DA:1007,1
DA:1008,1
DA:1009,1
DA:1010,1
DA:1011,1
DA:1012,1
DA:1019,1
DA:1020,1
DA:1021,1
DA:1022,1
DA:1023,1
DA:1024,1
DA:1025,1
DA:1026,1
DA:1032,4
DA:1033,4
DA:1034,5
DA:1035,5
DA:1036,5
DA:1038,4
DA:1039,4
DA:1040,4
DA:1041,4
DA:1052,13
DA:1053,4
DA:1054,3
DA:1064,1
DA:1072,1
DA:1073,1
DA:1080,1
DA:1084,2
DA:1096,3
DA:1097,3
DA:1098,3
DA:1104,3
DA:1105,3
DA:1112,1
DA:1113,1
DA:1114,1
DA:1120,1
DA:1121,1
DA:1128,3
DA:1129,3
DA:1130,3
DA:1133,3
DA:1134,2
DA:1136,3
DA:1137,2
DA:1139,3
DA:1141,3
DA:1142,3
DA:1150,0
DA:1154,1
DA:1158,1
LF:408
LH:400
BRDA:38,0,0,66
BRDA:38,0,1,66
BRDA:39,1,0,66
BRDA:39,1,1,66
BRDA:40,2,0,58
BRDA:40,2,1,8
BRDA:43,3,0,66
BRDA:43,3,1,66
BRDA:62,4,0,7
BRDA:64,5,0,7
BRDA:64,5,1,2
BRDA:68,6,0,7
BRDA:68,6,1,2
BRDA:97,7,0,7
BRDA:97,7,1,7
BRDA:109,8,0,3
BRDA:109,8,1,78
BRDA:109,9,0,81
BRDA:109,9,1,80
BRDA:112,10,0,73
BRDA:112,10,1,5
BRDA:112,11,0,78
BRDA:112,11,1,73
BRDA:114,12,0,5
BRDA:114,12,1,68
BRDA:119,13,0,4
BRDA:119,13,1,1
BRDA:121,14,0,1
BRDA:121,14,1,3
BRDA:240,15,0,2
BRDA:240,15,1,2
BRDA:248,16,0,2
BRDA:248,16,1,181
BRDA:249,17,0,1
BRDA:249,17,1,1
BRDA:260,18,0,1
BRDA:260,18,1,10
BRDA:264,19,0,2
BRDA:264,19,1,8
BRDA:265,20,0,26
BRDA:265,20,1,12
BRDA:267,21,0,10
BRDA:267,21,1,4
BRDA:268,22,0,6
BRDA:268,22,1,1
BRDA:269,23,0,5
BRDA:269,23,1,1
BRDA:272,24,0,2
BRDA:272,24,1,8
BRDA:273,25,0,3
BRDA:273,25,1,7
BRDA:282,26,0,4
BRDA:282,26,1,16
BRDA:282,27,0,20
BRDA:282,27,1,20
BRDA:352,28,0,2
BRDA:352,28,1,1
BRDA:355,29,0,1
BRDA:355,29,1,1
BRDA:368,30,0,1
BRDA:368,30,1,1
BRDA:368,30,2,1
BRDA:368,30,3,1
BRDA:424,31,0,3
BRDA:424,31,1,140
BRDA:427,32,0,4
BRDA:427,32,1,4
BRDA:427,32,2,2
BRDA:427,32,3,3
BRDA:427,32,4,4
BRDA:427,32,5,4
BRDA:427,32,6,2
BRDA:430,33,0,2
BRDA:430,33,1,2
BRDA:435,34,0,1
BRDA:435,34,1,1
BRDA:440,35,0,1
BRDA:440,35,1,2
BRDA:446,36,0,2
BRDA:446,36,1,2
BRDA:451,37,0,1
BRDA:451,37,1,1
BRDA:451,38,0,2
BRDA:451,38,1,1
BRDA:457,39,0,132
BRDA:457,39,1,1
BRDA:478,40,0,1
BRDA:478,40,1,6
BRDA:481,41,0,6
BRDA:481,41,1,2
BRDA:489,42,0,1
BRDA:489,42,1,5
BRDA:489,43,0,6
BRDA:489,43,1,5
BRDA:501,44,0,54
BRDA:501,44,1,1
BRDA:503,45,0,1
BRDA:503,45,1,53
BRDA:568,46,0,9
BRDA:568,46,1,2
BRDA:580,47,0,87
BRDA:580,47,1,7
BRDA:581,48,0,87
BRDA:581,48,1,87
BRDA:634,49,0,3
BRDA:634,49,1,1
BRDA:636,50,0,1
BRDA:636,50,1,1
BRDA:636,51,0,2
BRDA:636,51,1,1
BRDA:668,52,0,7
BRDA:668,52,1,1
BRDA:739,53,0,1
BRDA:739,53,1,6
BRDA:744,54,0,0
BRDA:744,54,1,6
BRDA:748,55,0,6
BRDA:748,55,1,0
BRDA:759,56,0,1
BRDA:759,56,1,0
BRDA:857,57,0,10
BRDA:857,57,1,0
BRDA:878,58,0,1
BRDA:878,58,1,9
BRDA:878,59,0,10
BRDA:878,59,1,10
BRDA:885,60,0,1
BRDA:885,60,1,8
BRDA:885,61,0,9
BRDA:885,61,1,9
BRDA:887,62,0,8
BRDA:887,62,1,0
BRDA:893,63,0,1
BRDA:893,63,1,8
BRDA:895,64,0,1
BRDA:895,64,1,0
BRDA:897,65,0,4
BRDA:897,65,1,5
BRDA:901,66,0,1
BRDA:901,66,1,8
BRDA:927,67,0,8
BRDA:927,67,1,8
BRDA:950,68,0,9
BRDA:950,68,1,53
BRDA:957,69,0,1
BRDA:957,69,1,60
BRDA:976,70,0,1
BRDA:976,70,1,1
BRDA:1053,71,0,3
BRDA:1053,71,1,1
BRDA:1133,72,0,2
BRDA:1133,72,1,1
BRDA:1136,73,0,2
BRDA:1136,73,1,1
BRF:154
BRH:148
end_of_record
